a b greedy - reward1 -- v nonGreedy - reward2
[+] Greedy: 0 - (0.0) -- Non-Greedy: 0 - (-50.70588235294116)
[+] Greedy: 0 - (0) -- Non-Greedy: 0 - (-30.13602941176468)
[+] Greedy: 0 - (0) -- Non-Greedy: 0 - (-93.35294117647065)
[+] Greedy: 0 - (0) -- Non-Greedy: 0 - (-90.52941176470598)
[+] Greedy: 0 - (0) -- Non-Greedy: 0 - (-113.63602941176472)
[+] Greedy: 0 - (0) -- Non-Greedy: 0 - (-70.5514705882353)
[+] Greedy: 0 - (0) -- Non-Greedy: 0 - (-193.8125)
[+] Greedy: 0 - (0) -- Non-Greedy: 0 - (-119.2794117647061)
[+] Greedy: 0 - (0) -- Non-Greedy: 0 - (-171.889705882353)
[+] Greedy: 0 - (0) -- Non-Greedy: 0 - (-86.875)
[+] Greedy: 0 - (0) -- Non-Greedy: 0 - (-195.67647058823553)
[+] Greedy: 0 - (0) -- Non-Greedy: 0 - (-73.0625)
[+] Greedy: 0 - (0) -- Non-Greedy: 0 - (-116.18382352941178)
[+] Greedy: 0 - (0) -- Non-Greedy: 0 - (-89.84558823529416)
[+] Greedy: 0 - (0) -- Non-Greedy: 0 - (-194.18382352941177)
[+] Greedy: 0 - (0) -- Non-Greedy: 0 - (-199.8125)
[+] Greedy: 0 - (0) -- Non-Greedy: 0 - (-57.81985294117647)
[+] Greedy: 0 - (0) -- Non-Greedy: 0 - (-26.588235294117624)
[+] Greedy: 0 - (0) -- Non-Greedy: 0 - (-145.29411764705904)
[+] Greedy: 0 - (0) -- Non-Greedy: 0 - (-29.29411764705877)
[+] Greedy: 0 - (0) -- Non-Greedy: 0 - (-110.4705882352942)
[+] Greedy: 0 - (0) -- Non-Greedy: 0 - (-140.82352941176498)
[+] Greedy: 0 - (0) -- Non-Greedy: 0 - (-191.375)
[+] Greedy: 0 - (0) -- Non-Greedy: 0 - (-148.51838235294133)
[+] Greedy: 0 - (0) -- Non-Greedy: 0 - (-145.11764705882354)
[+] Greedy: 0 - (0) -- Non-Greedy: 0 - (-218.875)
[+] Greedy: 0 - (0) -- Non-Greedy: 0 - (-254.875)
[+] Greedy: 0 - (0) -- Non-Greedy: 0 - (-162.40073529411774)
[+] Greedy: 0 - (0) -- Non-Greedy: 0 - (-181.5625)
[+] Greedy: 0 - (0) -- Non-Greedy: 0 - (-69.59558823529422)
[+] Greedy: 0 - (0) -- Non-Greedy: 0 - (-93.31250000000017)
[+] Greedy: 0 - (0) -- Non-Greedy: 0 - (-54.94117647058824)
[+] Greedy: 0 - (0) -- Non-Greedy: 0 - (-137.8823529411766)
[+] Greedy: 0 - (0) -- Non-Greedy: 0 - (-27.588235294117606)
[+] Greedy: 0 - (0) -- Non-Greedy: 0 - (-132.29411764705907)
[+] Greedy: 0 - (0) -- Non-Greedy: 0 - (-47.20220588235299)
[+] Greedy: 0 - (0) -- Non-Greedy: 0 - (-114.35294117647078)
[+] Greedy: 0 - (0) -- Non-Greedy: 0 - (-7.823529411764702)
[+] Greedy: 0 - (0) -- Non-Greedy: 0 - (-64.29044117647064)
[+] Greedy: 0 - (0) -- Non-Greedy: 0 - (-47.000000000000064)
[+] Greedy: 0 - (0) -- Non-Greedy: 0 - (-15.625)
[+] Greedy: 0 - (0) -- Non-Greedy: 0 - (-165.9375)
[+] Greedy: 0 - (0) -- Non-Greedy: 0 - (-130.5625)
[+] Greedy: 0 - (0) -- Non-Greedy: 0 - (-10.0625)
[+] Greedy: 0 - (0) -- Non-Greedy: 0 - (0.0)
[+] Greedy: 0 - (0) -- Non-Greedy: 0 - (-4.705882352941175)
[+] Greedy: 0 - (0) -- Non-Greedy: 0 - (-4.647058823529411)
[+] Greedy: 0 - (0) -- Non-Greedy: 0 - (-5.2941176470588225)
[+] Greedy: 0 - (0) -- Non-Greedy: 0 - (-16.117647058823522)
[+] Greedy: 0 - (0) -- Non-Greedy: 0 - (-32.29411764705876)
[+] Greedy: 0 - (0) -- Non-Greedy: 0 - (-37.64705882352938)
[+] Greedy: 0 - (0) -- Non-Greedy: 0 - (-7.411764705882349)
[+] Greedy: 0 - (0) -- Non-Greedy: 0 - (-41.11764705882355)
[+] Greedy: 0 - (0) -- Non-Greedy: 0 - (-67.76470588235307)
[+] Greedy: 0 - (0) -- Non-Greedy: 0 - (-6.941176470588234)
[+] Greedy: 0 - (0) -- Non-Greedy: 0 - (0.0)
[+] Greedy: 0 - (0) -- Non-Greedy: 0 - (-48.23897058823528)
[+] Greedy: 0 - (0) -- Non-Greedy: 0 - (-2.235294117647059)
[+] Greedy: 0 - (0) -- Non-Greedy: 0 - (0.0)
[+] Greedy: 0 - (0) -- Non-Greedy: 0 - (0.0)
[+] Greedy: 0 - (0) -- Non-Greedy: 0 - (-31.4485294117647)
[+] Greedy: 0 - (0) -- Non-Greedy: 0 - (-25.3125)
[+] Greedy: 0 - (0) -- Non-Greedy: 0 - (-25.0)
[+] Greedy: 0 - (0) -- Non-Greedy: 0 - (-0.9411764705882353)
[+] Greedy: 0 - (0) -- Non-Greedy: 0 - (-0.875)
[+] Greedy: 0 - (0) -- Non-Greedy: 0 - (-10.4375)
[+] Greedy: 0 - (0) -- Non-Greedy: 0 - (-3.75)
[+] Greedy: 0 - (0) -- Non-Greedy: 0 - (-1.75)
[+] Greedy: 0 - (0) -- Non-Greedy: 0 - (-5.25)
[+] Greedy: 0 - (0) -- Non-Greedy: 0 - (0.0)
[+] Greedy: 0 - (0) -- Non-Greedy: 0 - (-2.5625)
[+] Greedy: 0 - (0) -- Non-Greedy: 0 - (-1.9375)
[+] Greedy: 0 - (0) -- Non-Greedy: 0 - (-10.3125)
[+] Greedy: 0 - (0) -- Non-Greedy: 0 - (-14.625)
[+] Greedy: 0 - (0) -- Non-Greedy: 0 - (0.0)
[+] Greedy: 0 - (0) -- Non-Greedy: 0 - (-2.8125)
[+] Greedy: 0 - (0) -- Non-Greedy: 0 - (-5.5625)
[+] Greedy: 0 - (0) -- Non-Greedy: 0 - (-2.625)
[+] Greedy: 0 - (0) -- Non-Greedy: 0 - (-5.3125)
[+] Greedy: 0 - (0) -- Non-Greedy: 0 - (-4.75)
[+] Greedy: 0 - (0) -- Non-Greedy: 0 - (-35.0)
[+] Greedy: 0 - (0) -- Non-Greedy: 0 - (-5.1875)
[+] Greedy: 0 - (0) -- Non-Greedy: 0 - (-4.375)
[+] Greedy: 0 - (0) -- Non-Greedy: 0 - (0.0)
[+] Greedy: 0 - (0) -- Non-Greedy: 0 - (0.0)
[+] Greedy: 0 - (0) -- Non-Greedy: 0 - (0.0)
[+] Greedy: 0 - (0) -- Non-Greedy: 0 - (-6.8125)
[+] Greedy: 0 - (0) -- Non-Greedy: 0 - (-5.75)
[+] Greedy: 0 - (0) -- Non-Greedy: 0 - (0.0)
[+] Greedy: 0 - (0) -- Non-Greedy: 0 - (-11.882352941176455)
[+] Greedy: 0 - (0) -- Non-Greedy: 0 - (0.0)
[+] Greedy: 0 - (0) -- Non-Greedy: 0 - (0.0)
[+] Greedy: 0 - (0) -- Non-Greedy: 0 - (0.0)
[+] Greedy: 0 - (0) -- Non-Greedy: 0 - (0.0)
[+] Greedy: 0 - (0) -- Non-Greedy: 0 - (0.0)
[+] Greedy: 0 - (0) -- Non-Greedy: 0 - (0.0)
[+] Greedy: 0 - (0) -- Non-Greedy: 0 - (0.0)
[+] Greedy: 0 - (0) -- Non-Greedy: 0 - (0.0)
[+] Greedy: 0 - (0) -- Non-Greedy: 0 - (0.0)
[+] Greedy: 0 - (0) -- Non-Greedy: 0 - (0.0)
[+] Greedy: 0 - (0) -- Non-Greedy: 0 - (0.0)
[+] Greedy: 0 - (0) -- Non-Greedy: 0 - (0.0)
[+] Greedy: 0 - (0) -- Non-Greedy: 0 - (0.0)
[+] Greedy: 0 - (0) -- Non-Greedy: 0 - (0.0)
[+] Greedy: 0 - (0) -- Non-Greedy: 0 - (0.0)
[+] Greedy: 0 - (0) -- Non-Greedy: 0 - (0.0)
[+] Greedy: 0 - (0) -- Non-Greedy: 0 - (0.0)
[+] Greedy: 0 - (0) -- Non-Greedy: 0 - (0.0)
[+] Greedy: 0 - (0) -- Non-Greedy: 0 - (0.0)
[+] Greedy: 0 - (0) -- Non-Greedy: 0 - (0.0)
[+] Greedy: 0 - (0) -- Non-Greedy: 0 - (0.0)
[+] Greedy: 0 - (0) -- Non-Greedy: 0 - (0.0)
[+] Greedy: 0 - (0) -- Non-Greedy: 0 - (0.0)
[+] Greedy: 0 - (0) -- Non-Greedy: 0 - (0.0)
[+] Greedy: 0 - (0) -- Non-Greedy: 0 - (0.0)
[+] Greedy: 0 - (0) -- Non-Greedy: 0 - (0.0)
[+] Greedy: 0 - (0) -- Non-Greedy: 0 - (0.0)
[+] Greedy: 0 - (0) -- Non-Greedy: 0 - (0.0)
[+] Greedy: 0 - (0) -- Non-Greedy: 0 - (0.0)
[+] Greedy: 0 - (0) -- Non-Greedy: 0 - (0.0)
[+] Greedy: 0 - (0) -- Non-Greedy: 0 - (0.0)
[+] Greedy: 0 - (0) -- Non-Greedy: 0 - (0.0)
[+] Greedy: 0 - (0) -- Non-Greedy: 0 - (0.0)
[+] Greedy: 0 - (0) -- Non-Greedy: 0 - (0.0)
[+] Greedy: 0 - (0) -- Non-Greedy: 0 - (0.0)
[+] Greedy: 0 - (0) -- Non-Greedy: 0 - (0.0)
[+] Greedy: 0 - (0) -- Non-Greedy: 0 - (0.0)
[+] Greedy: 0 - (0) -- Non-Greedy: 0 - (0.0)
[+] Greedy: 0 - (0) -- Non-Greedy: 0 - (0.0)
[+] Greedy: 0 - (0) -- Non-Greedy: 0 - (0.0)
[+] Greedy: 0 - (0) -- Non-Greedy: 0 - (0.0)
[+] Greedy: 0 - (0) -- Non-Greedy: 0 - (0.0)
[+] Greedy: 0 - (0) -- Non-Greedy: 0 - (0.0)
[+] Greedy: 0 - (0) -- Non-Greedy: 0 - (0.0)
[+] Greedy: 0 - (0) -- Non-Greedy: 0 - (0.0)
[+] Greedy: 0 - (0) -- Non-Greedy: 0 - (0.0)
[+] Greedy: 0 - (0) -- Non-Greedy: 0 - (0.0)
[+] Greedy: 0 - (0) -- Non-Greedy: 0 - (0.0)
[+] Greedy: 0 - (0) -- Non-Greedy: 0 - (0.0)
[+] Greedy: 0 - (0) -- Non-Greedy: 0 - (0.0)
[+] Greedy: 0 - (0) -- Non-Greedy: 0 - (0.0)
[+] Greedy: 0 - (0) -- Non-Greedy: 0 - (0.0)
[+] Greedy: 0 - (0) -- Non-Greedy: 0 - (0.0)
[+] Greedy: 0 - (0) -- Non-Greedy: 0 - (0.0)
[+] Greedy: 0 - (0) -- Non-Greedy: 0 - (0.0)
[+] Greedy: 0 - (0) -- Non-Greedy: 0 - (0.0)
[+] Greedy: 0 - (0) -- Non-Greedy: 0 - (0.0)
[+] Greedy: 0 - (0) -- Non-Greedy: 0 - (0.0)
[+] Greedy: 0 - (0) -- Non-Greedy: 0 - (0.0)
[+] Greedy: 0 - (0) -- Non-Greedy: 0 - (0.0)
[+] Greedy: 0 - (0) -- Non-Greedy: 0 - (0.0)
[+] Greedy: 0 - (0) -- Non-Greedy: 0 - (0.0)
[+] Greedy: 0 - (0) -- Non-Greedy: 0 - (0.0)
[+] Greedy: 0 - (0) -- Non-Greedy: 0 - (0.0)
[+] Greedy: 0 - (0) -- Non-Greedy: 0 - (0.0)
[+] Greedy: 0 - (0) -- Non-Greedy: 0 - (0.0)
[+] Greedy: 0 - (0) -- Non-Greedy: 0 - (0.0)
[+] Greedy: 0 - (0) -- Non-Greedy: 0 - (0.0)
[+] Greedy: 0 - (0) -- Non-Greedy: 0 - (0.0)
[+] Greedy: 0 - (0) -- Non-Greedy: 0 - (0.0)
[+] Greedy: 0 - (0) -- Non-Greedy: 0 - (0.0)
[+] Greedy: 0 - (0) -- Non-Greedy: 0 - (0.0)
[+] Greedy: 0 - (0) -- Non-Greedy: 0 - (0.0)
[+] Greedy: 0 - (0) -- Non-Greedy: 0 - (0.0)
[+] Greedy: 0 - (0) -- Non-Greedy: 0 - (0.0)
[+] Greedy: 0 - (0) -- Non-Greedy: 0 - (0.0)
[+] Greedy: 0 - (0) -- Non-Greedy: 0 - (0.0)
[+] Greedy: 0 - (0) -- Non-Greedy: 0 - (0.0)
[+] Greedy: 0 - (0) -- Non-Greedy: 0 - (0.0)
[+] Greedy: 0 - (0) -- Non-Greedy: 0 - (0.0)
[+] Greedy: 0 - (0) -- Non-Greedy: 0 - (0.0)
[+] Greedy: 0 - (0) -- Non-Greedy: 0 - (0.0)
[+] Greedy: 0 - (0) -- Non-Greedy: 0 - (0.0)
[+] Greedy: 0 - (0) -- Non-Greedy: 0 - (0.0)
[+] Greedy: 0 - (0) -- Non-Greedy: 0 - (0.0)
[+] Greedy: 0 - (0) -- Non-Greedy: 0 - (0.0)
[+] Greedy: 0 - (0) -- Non-Greedy: 0 - (0.0)
[+] Greedy: 0 - (0) -- Non-Greedy: 0 - (0.0)
[+] Greedy: 0 - (0) -- Non-Greedy: 0 - (0.0)
[+] Greedy: 0 - (0) -- Non-Greedy: 0 - (0.0)
[+] Greedy: 0 - (0) -- Non-Greedy: 0 - (0.0)
[+] Greedy: 0 - (0) -- Non-Greedy: 0 - (0.0)
[+] Greedy: 0 - (0) -- Non-Greedy: 0 - (0.0)
[+] Greedy: 0 - (0) -- Non-Greedy: 0 - (0.0)
[+] Greedy: 0 - (0) -- Non-Greedy: 0 - (0.0)
[+] Greedy: 0 - (0) -- Non-Greedy: 0 - (0.0)
[+] Greedy: 0 - (0) -- Non-Greedy: 0 - (0.0)
[+] Greedy: 0 - (0) -- Non-Greedy: 0 - (0.0)
[+] Greedy: 0 - (0) -- Non-Greedy: 0 - (0.0)
[+] Greedy: 0 - (0) -- Non-Greedy: 0 - (0.0)
[+] Greedy: 0 - (0) -- Non-Greedy: 0 - (0.0)
[+] Greedy: 0 - (0) -- Non-Greedy: 0 - (0.0)
[+] Greedy: 0 - (0) -- Non-Greedy: 0 - (0.0)
[+] Greedy: 0 - (0) -- Non-Greedy: 0 - (0.0)
[+] Greedy: 0 - (0) -- Non-Greedy: 0 - (0.0)
[+] Greedy: 0 - (0) -- Non-Greedy: 0 - (0.0)
[+] Greedy: 0 - (0) -- Non-Greedy: 0 - (0.0)
[+] Greedy: 0 - (0) -- Non-Greedy: 0 - (0.0)
[+] Greedy: 0 - (0) -- Non-Greedy: 0 - (0.0)
[+] Greedy: 0 - (0) -- Non-Greedy: 0 - (0.0)
[+] Greedy: 0 - (0) -- Non-Greedy: 0 - (0.0)
[+] Greedy: 0 - (0) -- Non-Greedy: 0 - (0.0)
[+] Greedy: 0 - (0) -- Non-Greedy: 0 - (0.0)
[+] Greedy: 0 - (0) -- Non-Greedy: 0 - (0.0)
[+] Greedy: 0 - (0) -- Non-Greedy: 0 - (0.0)
[+] Greedy: 0 - (0) -- Non-Greedy: 0 - (0.0)
[+] Greedy: 0 - (0) -- Non-Greedy: 0 - (0.0)
[+] Greedy: 0 - (0) -- Non-Greedy: 0 - (0.0)
[+] Greedy: 0 - (0) -- Non-Greedy: 0 - (0.0)
[+] Greedy: 0 - (0) -- Non-Greedy: 0 - (0.0)
[+] Greedy: 0 - (0) -- Non-Greedy: 0 - (0.0)
[+] Greedy: 0 - (0) -- Non-Greedy: 0 - (0.0)
[+] Greedy: 0 - (0) -- Non-Greedy: 0 - (0.0)
[+] Greedy: 0 - (0) -- Non-Greedy: 0 - (0.0)
[+] Greedy: 0 - (0) -- Non-Greedy: 0 - (0.0)
[+] Greedy: 0 - (0) -- Non-Greedy: 0 - (0.0)
[+] Greedy: 0 - (0) -- Non-Greedy: 0 - (0.0)
[+] Greedy: 0 - (0) -- Non-Greedy: 0 - (0.0)
[+] Greedy: 0 - (0) -- Non-Greedy: 0 - (0.0)
[+] Greedy: 0 - (0) -- Non-Greedy: 0 - (0.0)
[+] Greedy: 0 - (0) -- Non-Greedy: 0 - (0.0)
[+] Greedy: 0 - (0) -- Non-Greedy: 0 - (0.0)
[+] Greedy: 0 - (0) -- Non-Greedy: 0 - (0.0)
[+] Greedy: 0 - (0) -- Non-Greedy: 0 - (0.0)
[+] Greedy: 0 - (0) -- Non-Greedy: 0 - (0.0)
[+] Greedy: 0 - (0) -- Non-Greedy: 0 - (0.0)
[+] Greedy: 0 - (0) -- Non-Greedy: 0 - (0.0)
[+] Greedy: 0 - (0) -- Non-Greedy: 0 - (0.0)
[+] Greedy: 0 - (0) -- Non-Greedy: 0 - (0.0)
[+] Greedy: 0 - (0) -- Non-Greedy: 0 - (0.0)
[+] Greedy: 0 - (0) -- Non-Greedy: 0 - (0.0)
[+] Greedy: 0 - (0) -- Non-Greedy: 0 - (0.0)
[+] Greedy: 0 - (0) -- Non-Greedy: 0 - (0.0)
[+] Greedy: 0 - (0) -- Non-Greedy: 0 - (0.0)
[+] Greedy: 0 - (0) -- Non-Greedy: 0 - (0.0)
[+] Greedy: 0 - (0) -- Non-Greedy: 0 - (0.0)
[+] Greedy: 0 - (0) -- Non-Greedy: 0 - (0.0)
[+] Greedy: 0 - (0) -- Non-Greedy: 0 - (0.0)
[+] Greedy: 0 - (0) -- Non-Greedy: 0 - (0.0)
[+] Greedy: 0 - (0) -- Non-Greedy: 0 - (0.0)
[+] Greedy: 0 - (0) -- Non-Greedy: 0 - (0.0)
[+] Greedy: 0 - (0) -- Non-Greedy: 0 - (0.0)
[+] Greedy: 0 - (0) -- Non-Greedy: 0 - (0.0)
[+] Greedy: 0 - (0) -- Non-Greedy: 0 - (0.0)
[+] Greedy: 0 - (0) -- Non-Greedy: 0 - (0.0)
[+] Greedy: 0 - (0) -- Non-Greedy: 0 - (0.0)
[+] Greedy: 0 - (0) -- Non-Greedy: 0 - (0.0)
[+] Greedy: 0 - (0) -- Non-Greedy: 0 - (0.0)
[+] Greedy: 0 - (0) -- Non-Greedy: 0 - (0.0)
[+] Greedy: 0 - (0) -- Non-Greedy: 0 - (0.0)
[+] Greedy: 0 - (0) -- Non-Greedy: 0 - (0.0)
[+] Greedy: 0 - (0) -- Non-Greedy: 0 - (0.0)
[+] Greedy: 0 - (0) -- Non-Greedy: 0 - (0.0)
[+] Greedy: 0 - (0) -- Non-Greedy: 0 - (0.0)
[+] Greedy: 0 - (0) -- Non-Greedy: 0 - (0.0)
[+] Greedy: 0 - (0) -- Non-Greedy: 0 - (0.0)
[+] Greedy: 0 - (0) -- Non-Greedy: 0 - (0.0)
[+] Greedy: 0 - (0) -- Non-Greedy: 0 - (0.0)
[+] Greedy: 0 - (0) -- Non-Greedy: 0 - (0.0)
[+] Greedy: 0 - (0) -- Non-Greedy: 0 - (0.0)
[+] Greedy: 0 - (0) -- Non-Greedy: 0 - (0.0)
[+] Greedy: 0 - (0) -- Non-Greedy: 0 - (0.0)
[+] Greedy: 0 - (0) -- Non-Greedy: 0 - (0.0)
[+] Greedy: 0 - (0) -- Non-Greedy: 0 - (0.0)
[+] Greedy: 0 - (0) -- Non-Greedy: 0 - (0.0)
[+] Greedy: 0 - (0) -- Non-Greedy: 0 - (0.0)
[+] Greedy: 0 - (0) -- Non-Greedy: 0 - (0.0)
[+] Greedy: 0 - (0) -- Non-Greedy: 0 - (0.0)
[+] Greedy: 0 - (0) -- Non-Greedy: 0 - (0.0)
[+] Greedy: 0 - (0) -- Non-Greedy: 0 - (0.0)
[+] Greedy: 0 - (0) -- Non-Greedy: 0 - (0.0)
[+] Greedy: 0 - (0) -- Non-Greedy: 0 - (0.0)
[+] Greedy: 0 - (0) -- Non-Greedy: 0 - (0.0)
[+] Greedy: 0 - (0) -- Non-Greedy: 0 - (0.0)
[+] Greedy: 0 - (0) -- Non-Greedy: 0 - (0.0)
[+] Greedy: 0 - (0) -- Non-Greedy: 0 - (0.0)
[+] Greedy: 0 - (0) -- Non-Greedy: 0 - (0.0)
[+] Greedy: 0 - (0) -- Non-Greedy: 0 - (0.0)
[+] Greedy: 0 - (0) -- Non-Greedy: 0 - (0.0)
[+] Greedy: 0 - (0) -- Non-Greedy: 0 - (0.0)
[+] Greedy: 0 - (0) -- Non-Greedy: 0 - (0.0)
[+] Greedy: 0 - (0) -- Non-Greedy: 0 - (0.0)
[+] Greedy: 0 - (0) -- Non-Greedy: 0 - (0.0)
[+] Greedy: 0 - (0) -- Non-Greedy: 0 - (0.0)
[+] Greedy: 0 - (0) -- Non-Greedy: 0 - (0.0)
[+] Greedy: 0 - (0) -- Non-Greedy: 0 - (0.0)
[+] Greedy: 0 - (0) -- Non-Greedy: 0 - (0.0)
[+] Greedy: 0 - (0) -- Non-Greedy: 0 - (0.0)
[+] Greedy: 0 - (0) -- Non-Greedy: 0 - (0.0)
[+] Greedy: 0 - (0) -- Non-Greedy: 0 - (0.0)
[+] Greedy: 0 - (0) -- Non-Greedy: 0 - (0.0)
[+] Greedy: 0 - (0) -- Non-Greedy: 0 - (0.0)
[+] Greedy: 0 - (0) -- Non-Greedy: 0 - (0.0)
[+] Greedy: 0 - (0) -- Non-Greedy: 0 - (0.0)
[+] Greedy: 0 - (0) -- Non-Greedy: 0 - (0.0)
[+] Greedy: 0 - (0) -- Non-Greedy: 0 - (0.0)
[+] Greedy: 0 - (0) -- Non-Greedy: 0 - (0.0)
[+] Greedy: 0 - (0) -- Non-Greedy: 0 - (0.0)
[+] Greedy: 0 - (0) -- Non-Greedy: 0 - (0.0)
[+] Greedy: 0 - (0) -- Non-Greedy: 0 - (0.0)
[+] Greedy: 0 - (0) -- Non-Greedy: 0 - (0.0)
[+] Greedy: 0 - (0) -- Non-Greedy: 0 - (0.0)
[+] Greedy: 0 - (0) -- Non-Greedy: 0 - (0.0)
[+] Greedy: 0 - (0) -- Non-Greedy: 0 - (0.0)
[+] Greedy: 0 - (0) -- Non-Greedy: 0 - (0.0)
[+] Greedy: 0 - (0) -- Non-Greedy: 0 - (0.0)
[+] Greedy: 0 - (0) -- Non-Greedy: 0 - (0.0)
[+] Greedy: 0 - (0) -- Non-Greedy: 0 - (0.0)
[+] Greedy: 0 - (0) -- Non-Greedy: 0 - (0.0)
[+] Greedy: 0 - (0) -- Non-Greedy: 0 - (0.0)
[+] Greedy: 0 - (0) -- Non-Greedy: 0 - (0.0)
[+] Greedy: 0 - (0) -- Non-Greedy: 0 - (0.0)
[+] Greedy: 0 - (0) -- Non-Greedy: 0 - (0.0)
[+] Greedy: 0 - (0) -- Non-Greedy: 0 - (0.0)
[+] Greedy: 0 - (0) -- Non-Greedy: 0 - (0.0)
[+] Greedy: 0 - (0) -- Non-Greedy: 0 - (0.0)
[+] Greedy: 0 - (0) -- Non-Greedy: 0 - (0.0)
[+] Greedy: 0 - (0) -- Non-Greedy: 0 - (0.0)
[+] Greedy: 0 - (0) -- Non-Greedy: 0 - (0.0)
[+] Greedy: 0 - (0) -- Non-Greedy: 0 - (0.0)
[+] Greedy: 0 - (0) -- Non-Greedy: 0 - (0.0)
[+] Greedy: 0 - (0) -- Non-Greedy: 0 - (0.0)
[+] Greedy: 0 - (0) -- Non-Greedy: 0 - (0.0)
[+] Greedy: 0 - (0) -- Non-Greedy: 0 - (0.0)
[+] Greedy: 0 - (0) -- Non-Greedy: 0 - (0.0)
[+] Greedy: 0 - (0) -- Non-Greedy: 0 - (0.0)
[+] Greedy: 0 - (0) -- Non-Greedy: 0 - (0.0)
[+] Greedy: 0 - (0) -- Non-Greedy: 0 - (0.0)
[+] Greedy: 0 - (0) -- Non-Greedy: 0 - (0.0)
[+] Greedy: 0 - (0) -- Non-Greedy: 0 - (0.0)
[+] Greedy: 0 - (0) -- Non-Greedy: 0 - (0.0)
[+] Greedy: 0 - (0) -- Non-Greedy: 0 - (0.0)
[+] Greedy: 0 - (0) -- Non-Greedy: 0 - (0.0)
[+] Greedy: 0 - (0) -- Non-Greedy: 0 - (0.0)
[+] Greedy: 0 - (0) -- Non-Greedy: 0 - (0.0)
[+] Greedy: 0 - (0) -- Non-Greedy: 0 - (0.0)
[+] Greedy: 0 - (0) -- Non-Greedy: 0 - (0.0)
[+] Greedy: 0 - (0) -- Non-Greedy: 0 - (0.0)
[+] Greedy: 0 - (0) -- Non-Greedy: 0 - (0.0)
[+] Greedy: 0 - (0) -- Non-Greedy: 0 - (0.0)
[+] Greedy: 0 - (0) -- Non-Greedy: 0 - (0.0)
[+] Greedy: 0 - (0) -- Non-Greedy: 0 - (0.0)
[+] Greedy: 0 - (0) -- Non-Greedy: 0 - (0.0)
[+] Greedy: 0 - (0) -- Non-Greedy: 0 - (0.0)
[+] Greedy: 0 - (0) -- Non-Greedy: 0 - (0.0)
[+] Greedy: 0 - (0) -- Non-Greedy: 0 - (0.0)
[+] Greedy: 0 - (0) -- Non-Greedy: 0 - (0.0)
[+] Greedy: 0 - (0) -- Non-Greedy: 0 - (0.0)
[+] Greedy: 0 - (0) -- Non-Greedy: 0 - (0.0)
[+] Greedy: 0 - (0) -- Non-Greedy: 0 - (0.0)
[+] Greedy: 0 - (0) -- Non-Greedy: 0 - (0.0)
[+] Greedy: 0 - (0) -- Non-Greedy: 0 - (0.0)
[+] Greedy: 0 - (0) -- Non-Greedy: 0 - (0.0)
[+] Greedy: 0 - (0) -- Non-Greedy: 0 - (0.0)
[+] Greedy: 0 - (0) -- Non-Greedy: 0 - (0.0)
[+] Greedy: 0 - (0) -- Non-Greedy: 0 - (0.0)
[+] Greedy: 0 - (0) -- Non-Greedy: 0 - (0.0)
[+] Greedy: 0 - (0) -- Non-Greedy: 0 - (0.0)
[+] Greedy: 0 - (0) -- Non-Greedy: 0 - (0.0)
[+] Greedy: 0 - (0) -- Non-Greedy: 0 - (0.0)
[+] Greedy: 0 - (0) -- Non-Greedy: 0 - (0.0)
[+] Greedy: 0 - (0) -- Non-Greedy: 0 - (0.0)
[+] Greedy: 0 - (0) -- Non-Greedy: 0 - (0.0)
[+] Greedy: 0 - (0) -- Non-Greedy: 0 - (0.0)
[+] Greedy: 0 - (0) -- Non-Greedy: 0 - (0.0)
[+] Greedy: 0 - (0) -- Non-Greedy: 0 - (0.0)
[+] Greedy: 0 - (0) -- Non-Greedy: 0 - (0.0)
[+] Greedy: 0 - (0) -- Non-Greedy: 0 - (0.0)
[+] Greedy: 0 - (0) -- Non-Greedy: 0 - (0.0)
[+] Greedy: 0 - (0) -- Non-Greedy: 0 - (0.0)
[+] Greedy: 0 - (0) -- Non-Greedy: 0 - (0.0)
[+] Greedy: 0 - (0) -- Non-Greedy: 0 - (0.0)
[+] Greedy: 0 - (0) -- Non-Greedy: 0 - (0.0)
[+] Greedy: 0 - (0) -- Non-Greedy: 0 - (0.0)
[+] Greedy: 0 - (0) -- Non-Greedy: 0 - (0.0)
[+] Greedy: 0 - (0) -- Non-Greedy: 0 - (0.0)
[+] Greedy: 0 - (0) -- Non-Greedy: 0 - (0.0)
[+] Greedy: 0 - (0) -- Non-Greedy: 0 - (0.0)
[+] Greedy: 0 - (0) -- Non-Greedy: 0 - (0.0)
[+] Greedy: 0 - (0) -- Non-Greedy: 0 - (0.0)
[+] Greedy: 0 - (0) -- Non-Greedy: 0 - (0.0)
[+] Greedy: 0 - (0) -- Non-Greedy: 0 - (0.0)
[+] Greedy: 0 - (0) -- Non-Greedy: 0 - (0.0)
[+] Greedy: 0 - (0) -- Non-Greedy: 0 - (0.0)
[+] Greedy: 0 - (0) -- Non-Greedy: 0 - (0.0)
[+] Greedy: 0 - (0) -- Non-Greedy: 0 - (0.0)
[+] Greedy: 0 - (0) -- Non-Greedy: 0 - (0.0)
[+] Greedy: 0 - (0) -- Non-Greedy: 0 - (0.0)
[+] Greedy: 0 - (0) -- Non-Greedy: 0 - (0.0)
[+] Greedy: 0 - (0) -- Non-Greedy: 0 - (0.0)
[+] Greedy: 0 - (0) -- Non-Greedy: 0 - (0.0)
[+] Greedy: 0 - (0) -- Non-Greedy: 0 - (0.0)
[+] Greedy: 0 - (0) -- Non-Greedy: 0 - (0.0)
[+] Greedy: 0 - (0) -- Non-Greedy: 0 - (0.0)
[+] Greedy: 0 - (0) -- Non-Greedy: 0 - (0.0)
[+] Greedy: 0 - (0) -- Non-Greedy: 0 - (0.0)
[+] Greedy: 0 - (0) -- Non-Greedy: 0 - (0.0)
[+] Greedy: 0 - (0) -- Non-Greedy: 0 - (0.0)
[+] Greedy: 0 - (0) -- Non-Greedy: 0 - (0.0)
[+] Greedy: 0 - (0) -- Non-Greedy: 0 - (0.0)
[+] Greedy: 0 - (0) -- Non-Greedy: 0 - (0.0)
[+] Greedy: 0 - (0) -- Non-Greedy: 0 - (0.0)
[+] Greedy: 0 - (0) -- Non-Greedy: 0 - (0.0)
[+] Greedy: 0 - (0) -- Non-Greedy: 0 - (0.0)
[+] Greedy: 0 - (0) -- Non-Greedy: 0 - (0.0)
[+] Greedy: 0 - (0) -- Non-Greedy: 0 - (0.0)
[+] Greedy: 0 - (0) -- Non-Greedy: 0 - (0.0)
[+] Greedy: 0 - (0) -- Non-Greedy: 0 - (0.0)
[+] Greedy: 0 - (0) -- Non-Greedy: 0 - (0.0)
[+] Greedy: 0 - (0) -- Non-Greedy: 0 - (0.0)
[+] Greedy: 0 - (0) -- Non-Greedy: 0 - (0.0)
[+] Greedy: 0 - (0) -- Non-Greedy: 0 - (0.0)
[+] Greedy: 0 - (0) -- Non-Greedy: 0 - (0.0)
[+] Greedy: 0 - (0) -- Non-Greedy: 0 - (0.0)
[+] Greedy: 0 - (0) -- Non-Greedy: 0 - (0.0)
[+] Greedy: 0 - (0) -- Non-Greedy: 0 - (0.0)
[+] Greedy: 0 - (0) -- Non-Greedy: 0 - (0.0)
[+] Greedy: 0 - (0) -- Non-Greedy: 0 - (0.0)
[+] Greedy: 0 - (0) -- Non-Greedy: 0 - (0.0)
[+] Greedy: 0 - (0) -- Non-Greedy: 0 - (0.0)
[+] Greedy: 0 - (0) -- Non-Greedy: 0 - (0.0)
[+] Greedy: 0 - (0) -- Non-Greedy: 0 - (0.0)
[+] Greedy: 0 - (0) -- Non-Greedy: 0 - (0.0)
[+] Greedy: 0 - (0) -- Non-Greedy: 0 - (0.0)
[+] Greedy: 0 - (0) -- Non-Greedy: 0 - (0.0)
[+] Greedy: 0 - (0) -- Non-Greedy: 0 - (0.0)
[+] Greedy: 0 - (0) -- Non-Greedy: 0 - (0.0)
[+] Greedy: 0 - (0) -- Non-Greedy: 0 - (0.0)
[+] Greedy: 0 - (0) -- Non-Greedy: 0 - (0.0)
[+] Greedy: 0 - (0) -- Non-Greedy: 0 - (0.0)
[+] Greedy: 0 - (0) -- Non-Greedy: 0 - (0.0)
[+] Greedy: 0 - (0) -- Non-Greedy: 0 - (0.0)
[+] Greedy: 0 - (0) -- Non-Greedy: 0 - (0.0)
[+] Greedy: 0 - (0) -- Non-Greedy: 0 - (0.0)
[+] Greedy: 0 - (0) -- Non-Greedy: 0 - (0.0)
[+] Greedy: 0 - (0) -- Non-Greedy: 0 - (0.0)
[+] Greedy: 0 - (0) -- Non-Greedy: 0 - (0.0)
[+] Greedy: 0 - (0) -- Non-Greedy: 0 - (0.0)
[+] Greedy: 0 - (0) -- Non-Greedy: 0 - (0.0)
[+] Greedy: 0 - (0) -- Non-Greedy: 0 - (0.0)
[+] Greedy: 0 - (0) -- Non-Greedy: 0 - (0.0)
[+] Greedy: 0 - (0) -- Non-Greedy: 0 - (0.0)
[+] Greedy: 0 - (0) -- Non-Greedy: 0 - (0.0)
[+] Greedy: 0 - (0) -- Non-Greedy: 0 - (0.0)
[+] Greedy: 0 - (0) -- Non-Greedy: 0 - (0.0)
[+] Greedy: 0 - (0) -- Non-Greedy: 0 - (0.0)
[+] Greedy: 0 - (0) -- Non-Greedy: 0 - (0.0)
[+] Greedy: 0 - (0) -- Non-Greedy: 0 - (0.0)
[+] Greedy: 0 - (0) -- Non-Greedy: 0 - (0.0)
[+] Greedy: 0 - (0) -- Non-Greedy: 0 - (0.0)
[+] Greedy: 0 - (0) -- Non-Greedy: 0 - (0.0)
[+] Greedy: 0 - (0) -- Non-Greedy: 0 - (0.0)
[+] Greedy: 0 - (0) -- Non-Greedy: 0 - (0.0)
[+] Greedy: 0 - (0) -- Non-Greedy: 0 - (0.0)
[+] Greedy: 0 - (0) -- Non-Greedy: 0 - (0.0)
[+] Greedy: 0 - (0) -- Non-Greedy: 0 - (0.0)
[+] Greedy: 0 - (0) -- Non-Greedy: 0 - (0.0)
[+] Greedy: 0 - (0) -- Non-Greedy: 0 - (0.0)
[+] Greedy: 0 - (0) -- Non-Greedy: 0 - (0.0)
[+] Greedy: 0 - (0) -- Non-Greedy: 0 - (0.0)
[+] Greedy: 0 - (0) -- Non-Greedy: 0 - (0.0)
[+] Greedy: 0 - (0) -- Non-Greedy: 0 - (0.0)
[+] Greedy: 0 - (0) -- Non-Greedy: 0 - (0.0)
[+] Greedy: 0 - (0) -- Non-Greedy: 0 - (0.0)
[+] Greedy: 0 - (0) -- Non-Greedy: 0 - (0.0)
[+] Greedy: 0 - (0) -- Non-Greedy: 0 - (0.0)
[+] Greedy: 0 - (0) -- Non-Greedy: 0 - (0.0)
[+] Greedy: 0 - (0) -- Non-Greedy: 0 - (0.0)
[+] Greedy: 0 - (0) -- Non-Greedy: 0 - (0.0)
[+] Greedy: 0 - (0) -- Non-Greedy: 0 - (0.0)
[+] Greedy: 0 - (0) -- Non-Greedy: 0 - (0.0)
[+] Greedy: 0 - (0) -- Non-Greedy: 0 - (0.0)
[+] Greedy: 0 - (0) -- Non-Greedy: 0 - (0.0)
[+] Greedy: 0 - (0) -- Non-Greedy: 0 - (0.0)
[+] Greedy: 0 - (0) -- Non-Greedy: 0 - (0.0)
[+] Greedy: 0 - (0) -- Non-Greedy: 0 - (0.0)
[+] Greedy: 0 - (0) -- Non-Greedy: 0 - (0.0)
[+] Greedy: 0 - (0) -- Non-Greedy: 0 - (0.0)
[+] Greedy: 0 - (0) -- Non-Greedy: 0 - (0.0)
[+] Greedy: 0 - (0) -- Non-Greedy: 0 - (0.0)
[+] Greedy: 0 - (0) -- Non-Greedy: 0 - (0.0)
[+] Greedy: 0 - (0) -- Non-Greedy: 0 - (0.0)
[+] Greedy: 0 - (0) -- Non-Greedy: 0 - (0.0)
[+] Greedy: 0 - (0) -- Non-Greedy: 0 - (0.0)
[+] Greedy: 0 - (0) -- Non-Greedy: 0 - (0.0)
[+] Greedy: 0 - (0) -- Non-Greedy: 0 - (0.0)
[+] Greedy: 0 - (0) -- Non-Greedy: 0 - (0.0)
[+] Greedy: 0 - (0) -- Non-Greedy: 0 - (0.0)
[+] Greedy: 0 - (0) -- Non-Greedy: 0 - (0.0)
[+] Greedy: 0 - (0) -- Non-Greedy: 0 - (0.0)
[+] Greedy: 0 - (0) -- Non-Greedy: 0 - (0.0)
[+] Greedy: 0 - (0) -- Non-Greedy: 0 - (0.0)
[+] Greedy: 0 - (0) -- Non-Greedy: 0 - (0.0)
[+] Greedy: 0 - (0) -- Non-Greedy: 0 - (0.0)
[+] Greedy: 0 - (0) -- Non-Greedy: 0 - (0.0)
[+] Greedy: 0 - (0) -- Non-Greedy: 0 - (0.0)
[+] Greedy: 0 - (0) -- Non-Greedy: 0 - (0.0)
[+] Greedy: 0 - (0) -- Non-Greedy: 0 - (0.0)
[+] Greedy: 0 - (0) -- Non-Greedy: 0 - (0.0)
[+] Greedy: 0 - (0) -- Non-Greedy: 0 - (0.0)
[+] Greedy: 0 - (0) -- Non-Greedy: 0 - (0.0)
[+] Greedy: 0 - (0) -- Non-Greedy: 0 - (0.0)
[+] Greedy: 0 - (0) -- Non-Greedy: 0 - (0.0)
[+] Greedy: 0 - (0) -- Non-Greedy: 0 - (0.0)
[+] Greedy: 0 - (0) -- Non-Greedy: 0 - (0.0)
[+] Greedy: 0 - (0) -- Non-Greedy: 0 - (0.0)
[+] Greedy: 0 - (0) -- Non-Greedy: 0 - (0.0)
[+] Greedy: 0 - (0) -- Non-Greedy: 0 - (0.0)
[+] Greedy: 0 - (0) -- Non-Greedy: 0 - (0.0)
[+] Greedy: 0 - (0) -- Non-Greedy: 0 - (0.0)
[+] Greedy: 0 - (0) -- Non-Greedy: 0 - (0.0)
[+] Greedy: 0 - (0) -- Non-Greedy: 0 - (0.0)
[+] Greedy: 0 - (0) -- Non-Greedy: 0 - (0.0)
[+] Greedy: 0 - (0) -- Non-Greedy: 0 - (0.0)
[+] Greedy: 0 - (0) -- Non-Greedy: 0 - (0.0)
[+] Greedy: 0 - (0) -- Non-Greedy: 0 - (0.0)
[+] Greedy: 0 - (0) -- Non-Greedy: 0 - (0.0)
[+] Greedy: 0 - (0) -- Non-Greedy: 0 - (0.0)
[+] Greedy: 0 - (0) -- Non-Greedy: 0 - (0.0)
[+] Greedy: 0 - (0) -- Non-Greedy: 0 - (0.0)
[+] Greedy: 0 - (0) -- Non-Greedy: 0 - (0.0)
[+] Greedy: 0 - (0) -- Non-Greedy: 0 - (0.0)
[+] Greedy: 0 - (0) -- Non-Greedy: 0 - (0.0)
[+] Greedy: 0 - (0) -- Non-Greedy: 0 - (0.0)
[+] Greedy: 0 - (0) -- Non-Greedy: 0 - (0.0)
[+] Greedy: 0 - (0) -- Non-Greedy: 0 - (0.0)
[+] Greedy: 0 - (0) -- Non-Greedy: 0 - (0.0)
[+] Greedy: 0 - (0) -- Non-Greedy: 0 - (0.0)
[+] Greedy: 0 - (0) -- Non-Greedy: 0 - (0.0)
[+] Greedy: 0 - (0) -- Non-Greedy: 0 - (0.0)
[+] Greedy: 0 - (0) -- Non-Greedy: 0 - (0.0)
[+] Greedy: 0 - (0) -- Non-Greedy: 0 - (0.0)
[+] Greedy: 0 - (0) -- Non-Greedy: 0 - (0.0)
[+] Greedy: 0 - (0) -- Non-Greedy: 0 - (0.0)
[+] Greedy: 0 - (0) -- Non-Greedy: 0 - (0.0)
[+] Greedy: 0 - (0) -- Non-Greedy: 0 - (0.0)
[+] Greedy: 0 - (0) -- Non-Greedy: 0 - (0.0)
[+] Greedy: 0 - (0) -- Non-Greedy: 0 - (0.0)
[+] Greedy: 0 - (0) -- Non-Greedy: 0 - (0.0)
[+] Greedy: 0 - (0) -- Non-Greedy: 0 - (0.0)
[+] Greedy: 0 - (0) -- Non-Greedy: 0 - (0.0)
[+] Greedy: 0 - (0) -- Non-Greedy: 0 - (0.0)
[+] Greedy: 0 - (0) -- Non-Greedy: 0 - (0.0)
[+] Greedy: 0 - (0) -- Non-Greedy: 0 - (0.0)
[+] Greedy: 0 - (0) -- Non-Greedy: 0 - (0.0)
[+] Greedy: 0 - (0) -- Non-Greedy: 0 - (0.0)
[+] Greedy: 0 - (0) -- Non-Greedy: 0 - (0.0)
[+] Greedy: 0 - (0) -- Non-Greedy: 0 - (0.0)
[+] Greedy: 0 - (0) -- Non-Greedy: 0 - (0.0)
[+] Greedy: 0 - (0) -- Non-Greedy: 0 - (0.0)
[+] Greedy: 0 - (0) -- Non-Greedy: 0 - (0.0)
[+] Greedy: 0 - (0) -- Non-Greedy: 0 - (0.0)
[+] Greedy: 0 - (0) -- Non-Greedy: 0 - (0.0)
[+] Greedy: 0 - (0) -- Non-Greedy: 0 - (0.0)
[+] Greedy: 0 - (0) -- Non-Greedy: 0 - (0.0)
[+] Greedy: 0 - (0) -- Non-Greedy: 0 - (0.0)
[+] Greedy: 0 - (0) -- Non-Greedy: 0 - (0.0)
[+] Greedy: 0 - (0) -- Non-Greedy: 0 - (0.0)
[+] Greedy: 0 - (0) -- Non-Greedy: 0 - (0.0)
[+] Greedy: 0 - (0) -- Non-Greedy: 0 - (0.0)
[+] Greedy: 0 - (0) -- Non-Greedy: 0 - (0.0)
[+] Greedy: 0 - (0) -- Non-Greedy: 0 - (0.0)
[+] Greedy: 0 - (0) -- Non-Greedy: 0 - (0.0)
[+] Greedy: 0 - (0) -- Non-Greedy: 0 - (0.0)
[+] Greedy: 0 - (0) -- Non-Greedy: 0 - (0.0)
[+] Greedy: 0 - (0) -- Non-Greedy: 0 - (0.0)
[+] Greedy: 0 - (0) -- Non-Greedy: 0 - (0.0)
[+] Greedy: 0 - (0) -- Non-Greedy: 0 - (0.0)
[+] Greedy: 0 - (0) -- Non-Greedy: 0 - (0.0)
[+] Greedy: 0 - (0) -- Non-Greedy: 0 - (0.0)
[+] Greedy: 0 - (0) -- Non-Greedy: 0 - (0.0)
[+] Greedy: 0 - (0) -- Non-Greedy: 0 - (0.0)
[+] Greedy: 0 - (0) -- Non-Greedy: 0 - (0.0)
[+] Greedy: 0 - (0) -- Non-Greedy: 0 - (0.0)
[+] Greedy: 0 - (0) -- Non-Greedy: 0 - (0.0)
[+] Greedy: 0 - (0) -- Non-Greedy: 0 - (0.0)
[+] Greedy: 0 - (0) -- Non-Greedy: 0 - (0.0)
[+] Greedy: 0 - (0) -- Non-Greedy: 0 - (0.0)
[+] Greedy: 0 - (0) -- Non-Greedy: 0 - (0.0)
[+] Greedy: 0 - (0) -- Non-Greedy: 0 - (0.0)
[+] Greedy: 0 - (0) -- Non-Greedy: 0 - (0.0)
[+] Greedy: 0 - (0) -- Non-Greedy: 0 - (0.0)
[+] Greedy: 0 - (0) -- Non-Greedy: 0 - (0.0)
[+] Greedy: 0 - (0) -- Non-Greedy: 0 - (0.0)
[+] Greedy: 0 - (0) -- Non-Greedy: 0 - (0.0)
[+] Greedy: 0 - (0) -- Non-Greedy: 0 - (0.0)
[+] Greedy: 0 - (0) -- Non-Greedy: 0 - (0.0)
[+] Greedy: 0 - (0) -- Non-Greedy: 0 - (0.0)
[+] Greedy: 0 - (0) -- Non-Greedy: 0 - (0.0)
[+] Greedy: 0 - (0) -- Non-Greedy: 0 - (0.0)
[+] Greedy: 0 - (0) -- Non-Greedy: 0 - (-2.0)
[+] Greedy: 0 - (0) -- Non-Greedy: 0 - (0.0)
[+] Greedy: 0 - (0) -- Non-Greedy: 0 - (0.0)
[+] Greedy: 0 - (0) -- Non-Greedy: 0 - (0.0)
[+] Greedy: 0 - (0) -- Non-Greedy: 0 - (0.0)
[+] Greedy: 0 - (0) -- Non-Greedy: 0 - (0.0)
[+] Greedy: 0 - (0) -- Non-Greedy: 0 - (0.0)
[+] Greedy: 0 - (0) -- Non-Greedy: 0 - (0.0)
[+] Greedy: 0 - (0) -- Non-Greedy: 0 - (0.0)
[+] Greedy: 0 - (0) -- Non-Greedy: 0 - (0.0)
[+] Greedy: 0 - (0) -- Non-Greedy: 0 - (0.0)
[+] Greedy: 0 - (0) -- Non-Greedy: 0 - (0.0)
[+] Greedy: 0 - (0) -- Non-Greedy: 0 - (0.0)
[+] Greedy: 0 - (0) -- Non-Greedy: 0 - (0.0)
[+] Greedy: 0 - (0) -- Non-Greedy: 0 - (0.0)
[+] Greedy: 0 - (0) -- Non-Greedy: 0 - (0.0)
[+] Greedy: 0 - (0) -- Non-Greedy: 0 - (0.0)
[+] Greedy: 0 - (0) -- Non-Greedy: 0 - (0.0)
[+] Greedy: 0 - (0) -- Non-Greedy: 0 - (0.0)
[+] Greedy: 0 - (0) -- Non-Greedy: 0 - (0.0)
[+] Greedy: 0 - (0) -- Non-Greedy: 0 - (0.0)
[+] Greedy: 0 - (0) -- Non-Greedy: 0 - (0.0)
[+] Greedy: 0 - (0) -- Non-Greedy: 0 - (0.0)
[+] Greedy: 0 - (0) -- Non-Greedy: 0 - (0.0)
[+] Greedy: 0 - (0) -- Non-Greedy: 0 - (0.0)
[+] Greedy: 0 - (0) -- Non-Greedy: 0 - (0.0)
[+] Greedy: 0 - (0) -- Non-Greedy: 0 - (0.0)
[+] Greedy: 0 - (0) -- Non-Greedy: 0 - (0.0)
[+] Greedy: 0 - (0) -- Non-Greedy: 0 - (0.0)
[+] Greedy: 0 - (0) -- Non-Greedy: 0 - (0.0)
[+] Greedy: 0 - (0) -- Non-Greedy: 0 - (0.0)
[+] Greedy: 0 - (0) -- Non-Greedy: 0 - (0.0)
[+] Greedy: 0 - (0) -- Non-Greedy: 0 - (0.0)
[+] Greedy: 0 - (0) -- Non-Greedy: 0 - (0.0)
[+] Greedy: 0 - (0) -- Non-Greedy: 0 - (0.0)
[+] Greedy: 0 - (0) -- Non-Greedy: 0 - (0.0)
[+] Greedy: 0 - (0) -- Non-Greedy: 0 - (0.0)
[+] Greedy: 0 - (0) -- Non-Greedy: 0 - (0.0)
[+] Greedy: 0 - (0) -- Non-Greedy: 0 - (0.0)
[+] Greedy: 0 - (0) -- Non-Greedy: 0 - (0.0)
[+] Greedy: 0 - (0) -- Non-Greedy: 0 - (0.0)
[+] Greedy: 0 - (0) -- Non-Greedy: 0 - (0.0)
[+] Greedy: 0 - (0) -- Non-Greedy: 0 - (0.0)
[+] Greedy: 0 - (0) -- Non-Greedy: 0 - (0.0)
[+] Greedy: 0 - (0) -- Non-Greedy: 0 - (0.0)
[+] Greedy: 0 - (0) -- Non-Greedy: 0 - (0.0)
[+] Greedy: 0 - (0) -- Non-Greedy: 0 - (0.0)
[+] Greedy: 0 - (0) -- Non-Greedy: 0 - (0.0)
[+] Greedy: 0 - (0) -- Non-Greedy: 0 - (0.0)
[+] Greedy: 0 - (0) -- Non-Greedy: 0 - (0.0)
[+] Greedy: 0 - (0) -- Non-Greedy: 0 - (0.0)
[+] Greedy: 0 - (0) -- Non-Greedy: 0 - (0.0)
[+] Greedy: 0 - (0) -- Non-Greedy: 0 - (0.0)
[+] Greedy: 0 - (0) -- Non-Greedy: 0 - (0.0)
[+] Greedy: 0 - (0) -- Non-Greedy: 0 - (0.0)
[+] Greedy: 0 - (0) -- Non-Greedy: 0 - (0.0)
[+] Greedy: 0 - (0) -- Non-Greedy: 0 - (0.0)
[+] Greedy: 0 - (0) -- Non-Greedy: 0 - (0.0)
[+] Greedy: 0 - (0) -- Non-Greedy: 0 - (0.0)
[+] Greedy: 0 - (0) -- Non-Greedy: 0 - (0.0)
[+] Greedy: 0 - (0) -- Non-Greedy: 0 - (0.0)
[+] Greedy: 0 - (0) -- Non-Greedy: 0 - (0.0)
[+] Greedy: 0 - (0) -- Non-Greedy: 0 - (0.0)
[+] Greedy: 0 - (0) -- Non-Greedy: 0 - (0.0)
[+] Greedy: 0 - (0) -- Non-Greedy: 0 - (0.0)
[+] Greedy: 0 - (0) -- Non-Greedy: 0 - (0.0)
[+] Greedy: 0 - (0) -- Non-Greedy: 0 - (0.0)
[+] Greedy: 0 - (0) -- Non-Greedy: 0 - (0.0)
[+] Greedy: 0 - (0) -- Non-Greedy: 0 - (0.0)
[+] Greedy: 0 - (0) -- Non-Greedy: 0 - (0.0)
[+] Greedy: 0 - (0) -- Non-Greedy: 0 - (0.0)
[+] Greedy: 0 - (0) -- Non-Greedy: 0 - (0.0)
[+] Greedy: 0 - (0) -- Non-Greedy: 0 - (0.0)
[+] Greedy: 0 - (0) -- Non-Greedy: 0 - (0.0)
[+] Greedy: 0 - (0) -- Non-Greedy: 0 - (0.0)
[+] Greedy: 0 - (0) -- Non-Greedy: 0 - (0.0)
[+] Greedy: 0 - (0) -- Non-Greedy: 0 - (0.0)
[+] Greedy: 0 - (0) -- Non-Greedy: 0 - (0.0)
[+] Greedy: 0 - (0) -- Non-Greedy: 0 - (0.0)
[+] Greedy: 0 - (0) -- Non-Greedy: 0 - (0.0)
[+] Greedy: 0 - (0) -- Non-Greedy: 0 - (0.0)
[+] Greedy: 0 - (0) -- Non-Greedy: 0 - (0.0)
[+] Greedy: 0 - (0) -- Non-Greedy: 0 - (0.0)
[+] Greedy: 0 - (0) -- Non-Greedy: 0 - (0.0)
[+] Greedy: 0 - (0) -- Non-Greedy: 0 - (0.0)
[+] Greedy: 0 - (0) -- Non-Greedy: 0 - (0.0)
[+] Greedy: 0 - (0) -- Non-Greedy: 0 - (0.0)
[+] Greedy: 0 - (0) -- Non-Greedy: 0 - (0.0)
[+] Greedy: 0 - (0) -- Non-Greedy: 0 - (0.0)
[+] Greedy: 0 - (0) -- Non-Greedy: 0 - (0.0)
[+] Greedy: 0 - (0) -- Non-Greedy: 0 - (0.0)
[+] Greedy: 0 - (0) -- Non-Greedy: 0 - (0.0)
[+] Greedy: 0 - (0) -- Non-Greedy: 0 - (0.0)
[+] Greedy: 0 - (0) -- Non-Greedy: 0 - (0.0)
[+] Greedy: 0 - (0) -- Non-Greedy: 0 - (0.0)
[+] Greedy: 0 - (0) -- Non-Greedy: 0 - (0.0)
[+] Greedy: 0 - (0) -- Non-Greedy: 0 - (0.0)
[+] Greedy: 0 - (0) -- Non-Greedy: 0 - (0.0)
[+] Greedy: 0 - (0) -- Non-Greedy: 0 - (0.0)
[+] Greedy: 0 - (0) -- Non-Greedy: 0 - (0.0)
[+] Greedy: 0 - (0) -- Non-Greedy: 0 - (0.0)
[+] Greedy: 0 - (0) -- Non-Greedy: 0 - (0.0)
[+] Greedy: 0 - (0) -- Non-Greedy: 0 - (0.0)
[+] Greedy: 0 - (0) -- Non-Greedy: 0 - (0.0)
[+] Greedy: 0 - (0) -- Non-Greedy: 0 - (0.0)
[+] Greedy: 0 - (0) -- Non-Greedy: 0 - (0.0)
[+] Greedy: 0 - (0) -- Non-Greedy: 0 - (0.0)
[+] Greedy: 0 - (0) -- Non-Greedy: 0 - (0.0)
[+] Greedy: 0 - (0) -- Non-Greedy: 0 - (0.0)
[+] Greedy: 0 - (0) -- Non-Greedy: 0 - (0.0)
[+] Greedy: 0 - (0) -- Non-Greedy: 0 - (0.0)
[+] Greedy: 0 - (0) -- Non-Greedy: 0 - (0.0)
[+] Greedy: 0 - (0) -- Non-Greedy: 0 - (0.0)
[+] Greedy: 0 - (0) -- Non-Greedy: 0 - (0.0)
[+] Greedy: 0 - (0) -- Non-Greedy: 0 - (0.0)
[+] Greedy: 0 - (0) -- Non-Greedy: 0 - (0.0)
[+] Greedy: 0 - (0) -- Non-Greedy: 0 - (0.0)
[+] Greedy: 0 - (0) -- Non-Greedy: 0 - (0.0)
[+] Greedy: 0 - (0) -- Non-Greedy: 0 - (0.0)
[+] Greedy: 0 - (0) -- Non-Greedy: 0 - (0.0)
[+] Greedy: 0 - (0) -- Non-Greedy: 0 - (0.0)
[+] Greedy: 0 - (0) -- Non-Greedy: 0 - (0.0)
[+] Greedy: 0 - (0) -- Non-Greedy: 0 - (0.0)
[+] Greedy: 0 - (0) -- Non-Greedy: 0 - (0.0)
[+] Greedy: 0 - (0) -- Non-Greedy: 0 - (0.0)
[+] Greedy: 0 - (0) -- Non-Greedy: 0 - (0.0)
[+] Greedy: 0 - (0) -- Non-Greedy: 0 - (0.0)
[+] Greedy: 0 - (0) -- Non-Greedy: 0 - (0.0)
[+] Greedy: 0 - (0) -- Non-Greedy: 0 - (0.0)
[+] Greedy: 0 - (0) -- Non-Greedy: 0 - (0.0)
[+] Greedy: 0 - (0) -- Non-Greedy: 0 - (0.0)
[+] Greedy: 0 - (0) -- Non-Greedy: 0 - (0.0)
[+] Greedy: 0 - (0) -- Non-Greedy: 0 - (0.0)
[+] Greedy: 0 - (0) -- Non-Greedy: 0 - (0.0)
[+] Greedy: 0 - (0) -- Non-Greedy: 0 - (0.0)
[+] Greedy: 0 - (0) -- Non-Greedy: 0 - (0.0)
[+] Greedy: 0 - (0) -- Non-Greedy: 0 - (0.0)
[+] Greedy: 0 - (0) -- Non-Greedy: 0 - (0.0)
[+] Greedy: 0 - (0) -- Non-Greedy: 0 - (0.0)
[+] Greedy: 0 - (0) -- Non-Greedy: 0 - (0.0)
[+] Greedy: 0 - (0) -- Non-Greedy: 0 - (0.0)
[+] Greedy: 0 - (0) -- Non-Greedy: 0 - (0.0)
[+] Greedy: 0 - (0) -- Non-Greedy: 0 - (0.0)
[+] Greedy: 0 - (0) -- Non-Greedy: 0 - (0.0)
[+] Greedy: 0 - (0) -- Non-Greedy: 0 - (0.0)
[+] Greedy: 0 - (0) -- Non-Greedy: 0 - (0.0)
[+] Greedy: 0 - (0) -- Non-Greedy: 0 - (0.0)
[+] Greedy: 0 - (0) -- Non-Greedy: 0 - (0.0)
[+] Greedy: 0 - (0) -- Non-Greedy: 0 - (0.0)
[+] Greedy: 0 - (0) -- Non-Greedy: 0 - (0.0)
[+] Greedy: 0 - (0) -- Non-Greedy: 0 - (0.0)
[+] Greedy: 0 - (0) -- Non-Greedy: 0 - (0.0)
[+] Greedy: 0 - (0) -- Non-Greedy: 0 - (0.0)
[+] Greedy: 0 - (0) -- Non-Greedy: 0 - (0.0)
[+] Greedy: 0 - (0) -- Non-Greedy: 0 - (0.0)
[+] Greedy: 0 - (0) -- Non-Greedy: 0 - (0.0)
[+] Greedy: 0 - (0) -- Non-Greedy: 0 - (0.0)
[+] Greedy: 0 - (0) -- Non-Greedy: 0 - (0.0)
[+] Greedy: 0 - (0) -- Non-Greedy: 0 - (0.0)
[+] Greedy: 0 - (0) -- Non-Greedy: 0 - (0.0)
[+] Greedy: 0 - (0) -- Non-Greedy: 0 - (0.0)
[+] Greedy: 0 - (0) -- Non-Greedy: 0 - (0.0)
[+] Greedy: 0 - (0) -- Non-Greedy: 0 - (0.0)
[+] Greedy: 0 - (0) -- Non-Greedy: 0 - (0.0)
[+] Greedy: 0 - (0) -- Non-Greedy: 0 - (0.0)
[+] Greedy: 0 - (0) -- Non-Greedy: 0 - (0.0)
[+] Greedy: 0 - (0) -- Non-Greedy: 0 - (0.0)
[+] Greedy: 0 - (0) -- Non-Greedy: 0 - (0.0)
[+] Greedy: 0 - (0) -- Non-Greedy: 0 - (0.0)
[+] Greedy: 0 - (0) -- Non-Greedy: 0 - (0.0)
[+] Greedy: 0 - (0) -- Non-Greedy: 0 - (0.0)
[+] Greedy: 0 - (0) -- Non-Greedy: 0 - (0.0)
[+] Greedy: 0 - (0) -- Non-Greedy: 0 - (0.0)
[+] Greedy: 0 - (0) -- Non-Greedy: 0 - (0.0)
[+] Greedy: 0 - (0) -- Non-Greedy: 0 - (0.0)
[+] Greedy: 0 - (0) -- Non-Greedy: 0 - (0.0)
[+] Greedy: 0 - (0) -- Non-Greedy: 0 - (0.0)
[+] Greedy: 0 - (0) -- Non-Greedy: 0 - (0.0)
[+] Greedy: 0 - (0) -- Non-Greedy: 0 - (0.0)
[+] Greedy: 0 - (0) -- Non-Greedy: 0 - (0.0)
[+] Greedy: 0 - (0) -- Non-Greedy: 0 - (0.0)
[+] Greedy: 0 - (0) -- Non-Greedy: 0 - (0.0)
[+] Greedy: 0 - (0) -- Non-Greedy: 0 - (0.0)
[+] Greedy: 0 - (0) -- Non-Greedy: 0 - (0.0)
[+] Greedy: 0 - (0) -- Non-Greedy: 0 - (0.0)
[+] Greedy: 0 - (0) -- Non-Greedy: 0 - (0.0)
[+] Greedy: 0 - (0) -- Non-Greedy: 0 - (0.0)
[+] Greedy: 0 - (0) -- Non-Greedy: 0 - (0.0)
[+] Greedy: 0 - (0) -- Non-Greedy: 0 - (0.0)
[+] Greedy: 0 - (0) -- Non-Greedy: 0 - (0.0)
[+] Greedy: 0 - (0) -- Non-Greedy: 0 - (0.0)
[+] Greedy: 0 - (0) -- Non-Greedy: 0 - (0.0)
[+] Greedy: 0 - (0) -- Non-Greedy: 0 - (0.0)
[+] Greedy: 0 - (0) -- Non-Greedy: 0 - (0.0)
[+] Greedy: 0 - (0) -- Non-Greedy: 0 - (0.0)
[+] Greedy: 0 - (0) -- Non-Greedy: 0 - (0.0)
[+] Greedy: 0 - (0) -- Non-Greedy: 0 - (0.0)
[+] Greedy: 0 - (0) -- Non-Greedy: 0 - (0.0)
[+] Greedy: 0 - (0) -- Non-Greedy: 0 - (-0.8125)
[+] Greedy: 0 - (0) -- Non-Greedy: 0 - (0.0)
[+] Greedy: 0 - (0) -- Non-Greedy: 0 - (0.0)
[+] Greedy: 0 - (0) -- Non-Greedy: 0 - (0.0)
[+] Greedy: 0 - (0) -- Non-Greedy: 0 - (0.0)
[+] Greedy: 0 - (0) -- Non-Greedy: 0 - (0.0)
[+] Greedy: 0 - (0) -- Non-Greedy: 0 - (0.0)
[+] Greedy: 0 - (0) -- Non-Greedy: 0 - (-0.25)
[+] Greedy: 0 - (0) -- Non-Greedy: 0 - (0.0)
[+] Greedy: 0 - (0) -- Non-Greedy: 0 - (0.0)
[+] Greedy: 0 - (0) -- Non-Greedy: 0 - (0.0)
[+] Greedy: 0 - (0) -- Non-Greedy: 0 - (0.0)
[+] Greedy: 0 - (0) -- Non-Greedy: 0 - (0.0)
[+] Greedy: 0 - (0) -- Non-Greedy: 0 - (0.0)
[+] Greedy: 0 - (0) -- Non-Greedy: 0 - (0.0)
[+] Greedy: 0 - (0) -- Non-Greedy: 0 - (-4.375)
[+] Greedy: 0 - (0) -- Non-Greedy: 0 - (0.0)
[+] Greedy: 0 - (0) -- Non-Greedy: 0 - (0.0)
[+] Greedy: 0 - (0) -- Non-Greedy: 0 - (0.0)
[+] Greedy: 0 - (0) -- Non-Greedy: 0 - (0.0)
[+] Greedy: 0 - (0) -- Non-Greedy: 0 - (0.0)
[+] Greedy: 0 - (0) -- Non-Greedy: 0 - (0.0)
[+] Greedy: 0 - (0) -- Non-Greedy: 0 - (0.0)
[+] Greedy: 0 - (0) -- Non-Greedy: 0 - (0.0)
[+] Greedy: 0 - (0) -- Non-Greedy: 0 - (0.0)
[+] Greedy: 0 - (0) -- Non-Greedy: 0 - (0.0)
[+] Greedy: 0 - (0) -- Non-Greedy: 0 - (0.0)
[+] Greedy: 0 - (0) -- Non-Greedy: 0 - (0.0)
[+] Greedy: 0 - (0) -- Non-Greedy: 0 - (0.0)
[+] Greedy: 0 - (0) -- Non-Greedy: 0 - (0.0)
[+] Greedy: 0 - (0) -- Non-Greedy: 0 - (0.0)
[+] Greedy: 0 - (0) -- Non-Greedy: 0 - (0.0)
[+] Greedy: 0 - (0) -- Non-Greedy: 0 - (0.0)
[+] Greedy: 0 - (0) -- Non-Greedy: 0 - (0.0)
[+] Greedy: 0 - (0) -- Non-Greedy: 0 - (0.0)
[+] Greedy: 0 - (0) -- Non-Greedy: 0 - (0.0)
[+] Greedy: 0 - (0) -- Non-Greedy: 0 - (0.0)
[+] Greedy: 0 - (0) -- Non-Greedy: 0 - (0.0)
[+] Greedy: 0 - (0) -- Non-Greedy: 0 - (0.0)
[+] Greedy: 0 - (0) -- Non-Greedy: 0 - (0.0)
[+] Greedy: 0 - (0) -- Non-Greedy: 0 - (0.0)
[+] Greedy: 0 - (0) -- Non-Greedy: 0 - (0.0)
[+] Greedy: 0 - (0) -- Non-Greedy: 0 - (0.0)
[+] Greedy: 0 - (0) -- Non-Greedy: 0 - (0.0)
[+] Greedy: 0 - (0) -- Non-Greedy: 0 - (0.0)
[+] Greedy: 0 - (0) -- Non-Greedy: 0 - (0.0)
[+] Greedy: 0 - (0) -- Non-Greedy: 0 - (0.0)
[+] Greedy: 0 - (0) -- Non-Greedy: 0 - (0.0)
[+] Greedy: 0 - (0) -- Non-Greedy: 0 - (0.0)
[+] Greedy: 0 - (0) -- Non-Greedy: 0 - (0.0)
[+] Greedy: 0 - (0) -- Non-Greedy: 0 - (0.0)
[+] Greedy: 0 - (0) -- Non-Greedy: 0 - (0.0)
[+] Greedy: 0 - (0) -- Non-Greedy: 0 - (0.0)
[+] Greedy: 0 - (0) -- Non-Greedy: 0 - (0.0)
[+] Greedy: 0 - (0) -- Non-Greedy: 0 - (0.0)
[+] Greedy: 0 - (0) -- Non-Greedy: 0 - (0.0)
[+] Greedy: 0 - (0) -- Non-Greedy: 0 - (0.0)
[+] Greedy: 0 - (0) -- Non-Greedy: 0 - (0.0)
[+] Greedy: 0 - (0) -- Non-Greedy: 0 - (0.0)
[+] Greedy: 0 - (0) -- Non-Greedy: 0 - (0.0)
[+] Greedy: 0 - (0) -- Non-Greedy: 0 - (0.0)
[+] Greedy: 0 - (0) -- Non-Greedy: 0 - (0.0)
[+] Greedy: 0 - (0) -- Non-Greedy: 0 - (0.0)
[+] Greedy: 0 - (0) -- Non-Greedy: 0 - (0.0)
[+] Greedy: 0 - (0) -- Non-Greedy: 0 - (0.0)
[+] Greedy: 0 - (0) -- Non-Greedy: 0 - (0.0)
[+] Greedy: 0 - (0) -- Non-Greedy: 0 - (0.0)
[+] Greedy: 0 - (0) -- Non-Greedy: 0 - (0.0)
[+] Greedy: 0 - (0) -- Non-Greedy: 0 - (0.0)
[+] Greedy: 0 - (0) -- Non-Greedy: 0 - (0.0)
[+] Greedy: 0 - (0) -- Non-Greedy: 0 - (0.0)
[+] Greedy: 0 - (0) -- Non-Greedy: 0 - (0.0)
[+] Greedy: 0 - (0) -- Non-Greedy: 0 - (0.0)
[+] Greedy: 0 - (0) -- Non-Greedy: 0 - (0.0)
[+] Greedy: 0 - (0) -- Non-Greedy: 0 - (0.0)
[+] Greedy: 0 - (0) -- Non-Greedy: 0 - (0.0)
[+] Greedy: 0 - (0) -- Non-Greedy: 0 - (0.0)
[+] Greedy: 0 - (0) -- Non-Greedy: 0 - (0.0)
[+] Greedy: 0 - (0) -- Non-Greedy: 0 - (0.0)
[+] Greedy: 0 - (0) -- Non-Greedy: 0 - (0.0)
[+] Greedy: 0 - (0) -- Non-Greedy: 0 - (0.0)
[+] Greedy: 0 - (0) -- Non-Greedy: 0 - (0.0)
[+] Greedy: 0 - (0) -- Non-Greedy: 0 - (0.0)
[+] Greedy: 0 - (0) -- Non-Greedy: 0 - (0.0)
[+] Greedy: 0 - (0) -- Non-Greedy: 0 - (0.0)
[+] Greedy: 0 - (0) -- Non-Greedy: 0 - (0.0)
[+] Greedy: 0 - (0) -- Non-Greedy: 0 - (0.0)
[+] Greedy: 0 - (0) -- Non-Greedy: 0 - (0.0)
[+] Greedy: 0 - (0) -- Non-Greedy: 0 - (0.0)
[+] Greedy: 0 - (0) -- Non-Greedy: 0 - (0.0)
[+] Greedy: 0 - (0) -- Non-Greedy: 0 - (0.0)
[+] Greedy: 0 - (0) -- Non-Greedy: 0 - (-0.125)
[+] Greedy: 0 - (0) -- Non-Greedy: 0 - (0.0)
[+] Greedy: 0 - (0) -- Non-Greedy: 0 - (0.0)
[+] Greedy: 0 - (0) -- Non-Greedy: 0 - (0.0)
[+] Greedy: 0 - (0) -- Non-Greedy: 0 - (0.0)
[+] Greedy: 0 - (0) -- Non-Greedy: 0 - (0.0)
[+] Greedy: 0 - (0) -- Non-Greedy: 0 - (0.0)
[+] Greedy: 0 - (0) -- Non-Greedy: 0 - (0.0)
[+] Greedy: 0 - (0) -- Non-Greedy: 0 - (0.0)
[+] Greedy: 0 - (0) -- Non-Greedy: 0 - (0.0)
[+] Greedy: 0 - (0) -- Non-Greedy: 0 - (0.0)
[+] Greedy: 0 - (0) -- Non-Greedy: 0 - (0.0)
[+] Greedy: 0 - (0) -- Non-Greedy: 0 - (0.0)
[+] Greedy: 0 - (0) -- Non-Greedy: 0 - (0.0)
[+] Greedy: 0 - (0) -- Non-Greedy: 0 - (0.0)
[+] Greedy: 0 - (0) -- Non-Greedy: 0 - (0.0)
[+] Greedy: 0 - (0) -- Non-Greedy: 0 - (0.0)
[+] Greedy: 0 - (0) -- Non-Greedy: 0 - (0.0)
[+] Greedy: 0 - (0) -- Non-Greedy: 0 - (0.0)
[+] Greedy: 0 - (0) -- Non-Greedy: 0 - (0.0)
[+] Greedy: 0 - (0) -- Non-Greedy: 0 - (0.0)
[+] Greedy: 0 - (0) -- Non-Greedy: 0 - (0.0)
[+] Greedy: 0 - (0) -- Non-Greedy: 0 - (0.0)
[+] Greedy: 0 - (0) -- Non-Greedy: 0 - (0.0)
[+] Greedy: 0 - (0) -- Non-Greedy: 0 - (0.0)
[+] Greedy: 0 - (0) -- Non-Greedy: 0 - (0.0)
[+] Greedy: 0 - (0) -- Non-Greedy: 0 - (0.0)
[+] Greedy: 0 - (0) -- Non-Greedy: 0 - (0.0)
[+] Greedy: 0 - (0) -- Non-Greedy: 0 - (0.0)
[+] Greedy: 0 - (0) -- Non-Greedy: 0 - (0.0)
[+] Greedy: 0 - (0) -- Non-Greedy: 0 - (0.0)
[+] Greedy: 0 - (0) -- Non-Greedy: 0 - (0.0)
[+] Greedy: 0 - (0) -- Non-Greedy: 0 - (0.0)
[+] Greedy: 0 - (0) -- Non-Greedy: 0 - (0.0)
[+] Greedy: 0 - (0) -- Non-Greedy: 0 - (0.0)
[+] Greedy: 0 - (0) -- Non-Greedy: 0 - (0.0)
[+] Greedy: 0 - (0) -- Non-Greedy: 0 - (0.0)
[+] Greedy: 0 - (0) -- Non-Greedy: 0 - (0.0)
[+] Greedy: 0 - (0) -- Non-Greedy: 0 - (0.0)
[+] Greedy: 0 - (0) -- Non-Greedy: 0 - (0.0)
[+] Greedy: 0 - (0) -- Non-Greedy: 0 - (0.0)
[+] Greedy: 0 - (0) -- Non-Greedy: 0 - (0.0)
[+] Greedy: 0 - (0) -- Non-Greedy: 0 - (0.0)
[+] Greedy: 0 - (0) -- Non-Greedy: 0 - (0.0)
[+] Greedy: 0 - (0) -- Non-Greedy: 0 - (0.0)
[+] Greedy: 0 - (0) -- Non-Greedy: 0 - (0.0)
[+] Greedy: 0 - (0) -- Non-Greedy: 0 - (0.0)
[+] Greedy: 0 - (0) -- Non-Greedy: 0 - (0.0)
[+] Greedy: 0 - (0) -- Non-Greedy: 0 - (0.0)
[+] Greedy: 0 - (0) -- Non-Greedy: 0 - (0.0)
[+] Greedy: 0 - (0) -- Non-Greedy: 0 - (0.0)
[+] Greedy: 0 - (0) -- Non-Greedy: 0 - (0.0)
[+] Greedy: 0 - (0) -- Non-Greedy: 0 - (0.0)
[+] Greedy: 0 - (0) -- Non-Greedy: 0 - (0.0)
[+] Greedy: 0 - (0) -- Non-Greedy: 0 - (0.0)
[+] Greedy: 0 - (0) -- Non-Greedy: 0 - (0.0)
[+] Greedy: 0 - (0) -- Non-Greedy: 0 - (0.0)
[+] Greedy: 0 - (0) -- Non-Greedy: 0 - (0.0)
[+] Greedy: 0 - (0) -- Non-Greedy: 0 - (0.0)
[+] Greedy: 0 - (0) -- Non-Greedy: 0 - (0.0)
[+] Greedy: 0 - (0) -- Non-Greedy: 0 - (0.0)
[+] Greedy: 0 - (0) -- Non-Greedy: 0 - (0.0)
[+] Greedy: 0 - (0) -- Non-Greedy: 0 - (0.0)
[+] Greedy: 0 - (0) -- Non-Greedy: 0 - (-0.0625)
[+] Greedy: 0 - (0) -- Non-Greedy: 0 - (0.0)
[+] Greedy: 0 - (0) -- Non-Greedy: 0 - (0.0)
[+] Greedy: 0 - (0) -- Non-Greedy: 0 - (0.0)
[+] Greedy: 0 - (0) -- Non-Greedy: 0 - (-0.375)
[+] Greedy: 0 - (0) -- Non-Greedy: 0 - (0.0)
[+] Greedy: 0 - (0) -- Non-Greedy: 0 - (0.0)
[+] Greedy: 0 - (0) -- Non-Greedy: 0 - (0.0)
[+] Greedy: 0 - (0) -- Non-Greedy: 0 - (0.0)
[+] Greedy: 0 - (0) -- Non-Greedy: 0 - (0.0)
[+] Greedy: 0 - (0) -- Non-Greedy: 0 - (0.0)
[+] Greedy: 0 - (0) -- Non-Greedy: 0 - (0.0)
[+] Greedy: 0 - (0) -- Non-Greedy: 0 - (-3.5625)
[+] Greedy: 0 - (0) -- Non-Greedy: 0 - (0.0)
[+] Greedy: 0 - (0) -- Non-Greedy: 0 - (0.0)
[+] Greedy: 0 - (0) -- Non-Greedy: 0 - (-0.0625)
[+] Greedy: 0 - (0) -- Non-Greedy: 0 - (0.0)
[+] Greedy: 0 - (0) -- Non-Greedy: 0 - (0.0)
[+] Greedy: 0 - (0) -- Non-Greedy: 0 - (0.0)
[+] Greedy: 0 - (0) -- Non-Greedy: 0 - (0.0)
[+] Greedy: 0 - (0) -- Non-Greedy: 0 - (0.0)
[+] Greedy: 0 - (0) -- Non-Greedy: 0 - (0.0)
[+] Greedy: 0 - (0) -- Non-Greedy: 0 - (0.0)
[+] Greedy: 0 - (0) -- Non-Greedy: 0 - (0.0)
[+] Greedy: 0 - (0) -- Non-Greedy: 0 - (0.0)
[+] Greedy: 0 - (0) -- Non-Greedy: 0 - (0.0)
[+] Greedy: 0 - (0) -- Non-Greedy: 0 - (0.0)
[+] Greedy: 0 - (0) -- Non-Greedy: 0 - (0.0)
[+] Greedy: 0 - (0) -- Non-Greedy: 0 - (0.0)
[+] Greedy: 0 - (0) -- Non-Greedy: 0 - (0.0)
[+] Greedy: 0 - (0) -- Non-Greedy: 0 - (0.0)
[+] Greedy: 0 - (0) -- Non-Greedy: 0 - (0.0)
[+] Greedy: 0 - (0) -- Non-Greedy: 0 - (0.0)
[+] Greedy: 0 - (0) -- Non-Greedy: 0 - (0.0)
[+] Greedy: 0 - (0) -- Non-Greedy: 0 - (0.0)
[+] Greedy: 0 - (0) -- Non-Greedy: 0 - (0.0)
[+] Greedy: 0 - (0) -- Non-Greedy: 0 - (0.0)
[+] Greedy: 0 - (0) -- Non-Greedy: 0 - (0.0)
[+] Greedy: 0 - (0) -- Non-Greedy: 0 - (0.0)
[+] Greedy: 0 - (0) -- Non-Greedy: 0 - (0.0)
[+] Greedy: 0 - (0) -- Non-Greedy: 0 - (0.0)
[+] Greedy: 0 - (0) -- Non-Greedy: 0 - (0.0)
[+] Greedy: 0 - (0) -- Non-Greedy: 0 - (0.0)
[+] Greedy: 0 - (0) -- Non-Greedy: 0 - (0.0)
[+] Greedy: 0 - (0) -- Non-Greedy: 0 - (0.0)
[+] Greedy: 0 - (0) -- Non-Greedy: 0 - (0.0)
[+] Greedy: 0 - (0) -- Non-Greedy: 0 - (0.0)
[+] Greedy: 0 - (0) -- Non-Greedy: 0 - (0.0)
[+] Greedy: 0 - (0) -- Non-Greedy: 0 - (0.0)
[+] Greedy: 0 - (0) -- Non-Greedy: 0 - (0.0)
[+] Greedy: 0 - (0) -- Non-Greedy: 0 - (-0.125)
[+] Greedy: 0 - (0) -- Non-Greedy: 0 - (0.0)
[+] Greedy: 0 - (0) -- Non-Greedy: 0 - (0.0)
[+] Greedy: 0 - (0) -- Non-Greedy: 0 - (0.0)
[+] Greedy: 0 - (0) -- Non-Greedy: 0 - (0.0)
[+] Greedy: 0 - (0) -- Non-Greedy: 0 - (0.0)
[+] Greedy: 0 - (0) -- Non-Greedy: 0 - (0.0)
[+] Greedy: 0 - (0) -- Non-Greedy: 0 - (0.0)
[+] Greedy: 0 - (0) -- Non-Greedy: 0 - (0.0)
[+] Greedy: 0 - (0) -- Non-Greedy: 0 - (0.0)
[+] Greedy: 0 - (0) -- Non-Greedy: 0 - (0.0)
[+] Greedy: 0 - (0) -- Non-Greedy: 0 - (0.0)
[+] Greedy: 0 - (0) -- Non-Greedy: 0 - (0.0)
[+] Greedy: 0 - (0) -- Non-Greedy: 0 - (0.0)
[+] Greedy: 0 - (0) -- Non-Greedy: 0 - (0.0)
[+] Greedy: 0 - (0) -- Non-Greedy: 0 - (0.0)
[+] Greedy: 0 - (0) -- Non-Greedy: 0 - (0.0)
[+] Greedy: 0 - (0) -- Non-Greedy: 0 - (-0.0625)
[+] Greedy: 0 - (0) -- Non-Greedy: 0 - (-0.125)
[+] Greedy: 0 - (0) -- Non-Greedy: 0 - (0.0)
[+] Greedy: 0 - (0) -- Non-Greedy: 0 - (0.0)
[+] Greedy: 0 - (0) -- Non-Greedy: 0 - (0.0)
[+] Greedy: 0 - (0) -- Non-Greedy: 0 - (0.0)
[+] Greedy: 0 - (0) -- Non-Greedy: 0 - (0.0)
[+] Greedy: 0 - (0) -- Non-Greedy: 0 - (-0.25)
[+] Greedy: 0 - (0) -- Non-Greedy: 0 - (0.0)
[+] Greedy: 0 - (0) -- Non-Greedy: 0 - (0.0)
[+] Greedy: 0 - (0) -- Non-Greedy: 0 - (-0.9375)
[+] Greedy: 0 - (0) -- Non-Greedy: 0 - (0.0)
[+] Greedy: 0 - (0) -- Non-Greedy: 0 - (0.0)
[+] Greedy: 0 - (0) -- Non-Greedy: 0 - (-0.1875)
[+] Greedy: 0 - (0) -- Non-Greedy: 0 - (-0.4375)
[+] Greedy: 0 - (0) -- Non-Greedy: 0 - (-1.625)
[+] Greedy: 0 - (0) -- Non-Greedy: 0 - (-0.0625)
[+] Greedy: 0 - (0) -- Non-Greedy: 0 - (-1.25)
[+] Greedy: 0 - (0) -- Non-Greedy: 0 - (-5.1875)
[+] Greedy: 0 - (0) -- Non-Greedy: 0 - (-2.25)
[+] Greedy: 0 - (0) -- Non-Greedy: 0 - (-13.5625)
[+] Greedy: 0 - (0) -- Non-Greedy: 0 - (0.0)
[+] Greedy: 0 - (0) -- Non-Greedy: 0 - (0.0)
[+] Greedy: 0 - (0) -- Non-Greedy: 0 - (0.0)
[+] Greedy: 0 - (0) -- Non-Greedy: 0 - (0.0)
[+] Greedy: 0 - (0) -- Non-Greedy: 0 - (0.0)
[+] Greedy: 0 - (0) -- Non-Greedy: 0 - (-35.294117647058826)
[+] Greedy: 0 - (0) -- Non-Greedy: 0 - (-34.1875)
[+] Greedy: 0 - (0) -- Non-Greedy: 0 - (-8.375)
[+] Greedy: 0 - (0) -- Non-Greedy: 0 - (0.0)
[+] Greedy: 0 - (0) -- Non-Greedy: 0 - (0.0)
[+] Greedy: 0 - (0) -- Non-Greedy: 0 - (-7.05882352941176)
[+] Greedy: 0 - (0) -- Non-Greedy: 0 - (0.0)
[+] Greedy: 0 - (0) -- Non-Greedy: 0 - (0.0)
[+] Greedy: 0 - (0) -- Non-Greedy: 0 - (0.0)
[+] Greedy: 0 - (0) -- Non-Greedy: 0 - (-2.823529411764705)
[+] Greedy: 0 - (0) -- Non-Greedy: 0 - (0.0)
[+] Greedy: 0 - (0) -- Non-Greedy: 0 - (-28.235294117646987)
[+] Greedy: 0 - (0) -- Non-Greedy: 0 - (-15.529411764705852)
[+] Greedy: 0 - (0) -- Non-Greedy: 0 - (0.0)
[+] Greedy: 0 - (0) -- Non-Greedy: 0 - (0.0)
[+] Greedy: 0 - (0) -- Non-Greedy: 0 - (0.0)
[+] Greedy: 0 - (0) -- Non-Greedy: 0 - (0.0)
[+] Greedy: 0 - (0) -- Non-Greedy: 0 - (0.0)
[+] Greedy: 0 - (0) -- Non-Greedy: 0 - (0.0)
[+] Greedy: 0 - (0) -- Non-Greedy: 0 - (0.0)
[+] Greedy: 0 - (0) -- Non-Greedy: 0 - (0.0)
[+] Greedy: 0 - (0) -- Non-Greedy: 0 - (0.0)
[+] Greedy: 0 - (0) -- Non-Greedy: 0 - (-66.5625)
[+] Greedy: 0 - (0) -- Non-Greedy: 0 - (0.0)
[+] Greedy: 0 - (0) -- Non-Greedy: 0 - (0.0)
[+] Greedy: 0 - (0) -- Non-Greedy: 0 - (0.0)
[+] Greedy: 0 - (0) -- Non-Greedy: 0 - (0.0)
[+] Greedy: 0 - (0) -- Non-Greedy: 0 - (0.0)
[+] Greedy: 0 - (0) -- Non-Greedy: 0 - (0.0)
[+] Greedy: 0 - (0) -- Non-Greedy: 0 - (0.0)
[+] Greedy: 0 - (0) -- Non-Greedy: 0 - (0.0)
[+] Greedy: 0 - (0) -- Non-Greedy: 0 - (0.0)
[+] Greedy: 0 - (0) -- Non-Greedy: 0 - (0.0)
[+] Greedy: 0 - (0) -- Non-Greedy: 0 - (0.0)
[+] Greedy: 0 - (0) -- Non-Greedy: 0 - (0.0)
[+] Greedy: 0 - (0) -- Non-Greedy: 0 - (0.0)
[+] Greedy: 0 - (0) -- Non-Greedy: 0 - (0.0)
[+] Greedy: 0 - (0) -- Non-Greedy: 0 - (0.0)
[+] Greedy: 0 - (0) -- Non-Greedy: 0 - (0.0)
[+] Greedy: 0 - (0) -- Non-Greedy: 0 - (0.0)
[+] Greedy: 0 - (0) -- Non-Greedy: 0 - (0.0)
[+] Greedy: 0 - (0) -- Non-Greedy: 0 - (0.0)
[+] Greedy: 0 - (0) -- Non-Greedy: 0 - (0.0)
[+] Greedy: 0 - (0) -- Non-Greedy: 0 - (0.0)
[+] Greedy: 0 - (0) -- Non-Greedy: 0 - (0.0)
[+] Greedy: 0 - (0) -- Non-Greedy: 0 - (0.0)
[+] Greedy: 0 - (0) -- Non-Greedy: 0 - (0.0)
[+] Greedy: 0 - (0) -- Non-Greedy: 0 - (0.0)
[+] Greedy: 0 - (0) -- Non-Greedy: 0 - (0.0)
[+] Greedy: 0 - (0) -- Non-Greedy: 0 - (0.0)
[+] Greedy: 0 - (0) -- Non-Greedy: 0 - (0.0)
[+] Greedy: 0 - (0) -- Non-Greedy: 0 - (0.0)
[+] Greedy: 0 - (0) -- Non-Greedy: 0 - (0.0)
[+] Greedy: 0 - (0) -- Non-Greedy: 0 - (0.0)
[+] Greedy: 0 - (0) -- Non-Greedy: 0 - (0.0)
[+] Greedy: 0 - (0) -- Non-Greedy: 0 - (0.0)
[+] Greedy: 0 - (0) -- Non-Greedy: 0 - (0.0)
[+] Greedy: 0 - (0) -- Non-Greedy: 0 - (0.0)
[+] Greedy: 0 - (0) -- Non-Greedy: 0 - (0.0)
[+] Greedy: 0 - (0) -- Non-Greedy: 0 - (0.0)
[+] Greedy: 0 - (0) -- Non-Greedy: 0 - (0.0)
[+] Greedy: 0 - (0) -- Non-Greedy: 0 - (0.0)
[+] Greedy: 0 - (0) -- Non-Greedy: 0 - (0.0)
[+] Greedy: 0 - (0) -- Non-Greedy: 0 - (0.0)
[+] Greedy: 0 - (0) -- Non-Greedy: 0 - (0.0)
[+] Greedy: 0 - (0) -- Non-Greedy: 0 - (0.0)
[+] Greedy: 0 - (0) -- Non-Greedy: 0 - (0.0)
[+] Greedy: 0 - (0) -- Non-Greedy: 0 - (0.0)
[+] Greedy: 0 - (0) -- Non-Greedy: 0 - (0.0)
[+] Greedy: 0 - (0) -- Non-Greedy: 0 - (0.0)
[+] Greedy: 0 - (0) -- Non-Greedy: 0 - (0.0)
[+] Greedy: 0 - (0) -- Non-Greedy: 0 - (0.0)
[+] Greedy: 0 - (0) -- Non-Greedy: 0 - (0.0)
[+] Greedy: 0 - (0) -- Non-Greedy: 0 - (0.0)
[+] Greedy: 0 - (0) -- Non-Greedy: 0 - (0.0)
[+] Greedy: 0 - (0) -- Non-Greedy: 0 - (0.0)
[+] Greedy: 0 - (0) -- Non-Greedy: 0 - (0.0)
[+] Greedy: 0 - (0) -- Non-Greedy: 0 - (0.0)
[+] Greedy: 0 - (0) -- Non-Greedy: 0 - (0.0)
[+] Greedy: 0 - (0) -- Non-Greedy: 0 - (0.0)
[+] Greedy: 0 - (0) -- Non-Greedy: 0 - (0.0)
[+] Greedy: 0 - (0) -- Non-Greedy: 0 - (0.0)
[+] Greedy: 0 - (0) -- Non-Greedy: 0 - (0.0)
[+] Greedy: 0 - (0) -- Non-Greedy: 0 - (0.0)
[+] Greedy: 0 - (0) -- Non-Greedy: 0 - (0.0)
[+] Greedy: 0 - (0) -- Non-Greedy: 0 - (0.0)
[+] Greedy: 0 - (0) -- Non-Greedy: 0 - (0.0)
[+] Greedy: 0 - (0) -- Non-Greedy: 0 - (0.0)
[+] Greedy: 0 - (0) -- Non-Greedy: 0 - (0.0)
[+] Greedy: 0 - (0) -- Non-Greedy: 0 - (0.0)
[+] Greedy: 0 - (0) -- Non-Greedy: 0 - (0.0)
[+] Greedy: 0 - (0) -- Non-Greedy: 0 - (0.0)
[+] Greedy: 0 - (0) -- Non-Greedy: 0 - (0.0)
[+] Greedy: 0 - (0) -- Non-Greedy: 0 - (0.0)
[+] Greedy: 0 - (0) -- Non-Greedy: 0 - (0.0)
[+] Greedy: 0 - (0) -- Non-Greedy: 0 - (0.0)
[+] Greedy: 0 - (0) -- Non-Greedy: 0 - (0.0)
[+] Greedy: 0 - (0) -- Non-Greedy: 0 - (0.0)
[+] Greedy: 0 - (0) -- Non-Greedy: 0 - (0.0)
[+] Greedy: 0 - (0) -- Non-Greedy: 0 - (0.0)
[+] Greedy: 0 - (0) -- Non-Greedy: 0 - (0.0)
[+] Greedy: 0 - (0) -- Non-Greedy: 0 - (0.0)
[+] Greedy: 0 - (0) -- Non-Greedy: 0 - (0.0)
[+] Greedy: 0 - (0) -- Non-Greedy: 0 - (0.0)
[+] Greedy: 0 - (0) -- Non-Greedy: 0 - (0.0)
[+] Greedy: 0 - (0) -- Non-Greedy: 0 - (0.0)
[+] Greedy: 0 - (0) -- Non-Greedy: 0 - (0.0)
[+] Greedy: 0 - (0) -- Non-Greedy: 0 - (0.0)
[+] Greedy: 0 - (0) -- Non-Greedy: 0 - (0.0)
[+] Greedy: 0 - (0) -- Non-Greedy: 0 - (0.0)
[+] Greedy: 0 - (0) -- Non-Greedy: 0 - (0.0)
[+] Greedy: 0 - (0) -- Non-Greedy: 0 - (0.0)
[+] Greedy: 0 - (0) -- Non-Greedy: 0 - (0.0)
[+] Greedy: 0 - (0) -- Non-Greedy: 0 - (0.0)
[+] Greedy: 0 - (0) -- Non-Greedy: 0 - (0.0)
[+] Greedy: 0 - (0) -- Non-Greedy: 0 - (0.0)
[+] Greedy: 0 - (0) -- Non-Greedy: 0 - (0.0)
[+] Greedy: 0 - (0) -- Non-Greedy: 0 - (0.0)
[+] Greedy: 0 - (0) -- Non-Greedy: 0 - (0.0)
[+] Greedy: 0 - (0) -- Non-Greedy: 0 - (0.0)
[+] Greedy: 0 - (0) -- Non-Greedy: 0 - (0.0)
[+] Greedy: 0 - (0) -- Non-Greedy: 0 - (0.0)
[+] Greedy: 0 - (0) -- Non-Greedy: 0 - (0.0)
[+] Greedy: 0 - (0) -- Non-Greedy: 0 - (0.0)
[+] Greedy: 0 - (0) -- Non-Greedy: 0 - (0.0)
[+] Greedy: 0 - (0) -- Non-Greedy: 0 - (0.0)
[+] Greedy: 0 - (0) -- Non-Greedy: 0 - (0.0)
[+] Greedy: 0 - (0) -- Non-Greedy: 0 - (0.0)
[+] Greedy: 0 - (0) -- Non-Greedy: 0 - (0.0)
[+] Greedy: 0 - (0) -- Non-Greedy: 0 - (0.0)
[+] Greedy: 0 - (0) -- Non-Greedy: 0 - (0.0)
[+] Greedy: 0 - (0) -- Non-Greedy: 0 - (0.0)
[+] Greedy: 0 - (0) -- Non-Greedy: 0 - (0.0)
[+] Greedy: 0 - (0) -- Non-Greedy: 0 - (0.0)
[+] Greedy: 0 - (0) -- Non-Greedy: 0 - (0.0)
[+] Greedy: 0 - (0) -- Non-Greedy: 0 - (0.0)
[+] Greedy: 0 - (0) -- Non-Greedy: 0 - (0.0)
[+] Greedy: 0 - (0) -- Non-Greedy: 0 - (0.0)
[+] Greedy: 0 - (0) -- Non-Greedy: 0 - (0.0)
[+] Greedy: 0 - (0) -- Non-Greedy: 0 - (0.0)
[+] Greedy: 0 - (0) -- Non-Greedy: 0 - (0.0)
[+] Greedy: 0 - (0) -- Non-Greedy: 0 - (0.0)
[+] Greedy: 0 - (0) -- Non-Greedy: 0 - (0.0)
[+] Greedy: 0 - (0) -- Non-Greedy: 0 - (0.0)
[+] Greedy: 0 - (0) -- Non-Greedy: 0 - (0.0)
[+] Greedy: 0 - (0) -- Non-Greedy: 0 - (0.0)
[+] Greedy: 0 - (0) -- Non-Greedy: 0 - (0.0)
[+] Greedy: 0 - (0) -- Non-Greedy: 0 - (0.0)
[+] Greedy: 0 - (0) -- Non-Greedy: 0 - (0.0)
[+] Greedy: 0 - (0) -- Non-Greedy: 0 - (0.0)
[+] Greedy: 0 - (0) -- Non-Greedy: 0 - (0.0)
[+] Greedy: 0 - (0) -- Non-Greedy: 0 - (0.0)
[+] Greedy: 0 - (0) -- Non-Greedy: 0 - (0.0)
[+] Greedy: 0 - (0) -- Non-Greedy: 0 - (0.0)
[+] Greedy: 0 - (0) -- Non-Greedy: 0 - (0.0)
[+] Greedy: 0 - (0) -- Non-Greedy: 0 - (0.0)
[+] Greedy: 0 - (0) -- Non-Greedy: 0 - (0.0)
[+] Greedy: 0 - (0) -- Non-Greedy: 0 - (0.0)
[+] Greedy: 0 - (0) -- Non-Greedy: 0 - (0.0)
[+] Greedy: 0 - (0) -- Non-Greedy: 0 - (0.0)
[+] Greedy: 0 - (0) -- Non-Greedy: 0 - (0.0)
[+] Greedy: 0 - (0) -- Non-Greedy: 0 - (0.0)
[+] Greedy: 0 - (0) -- Non-Greedy: 0 - (0.0)
[+] Greedy: 0 - (0) -- Non-Greedy: 0 - (0.0)
[+] Greedy: 0 - (0) -- Non-Greedy: 0 - (0.0)
[+] Greedy: 0 - (0) -- Non-Greedy: 0 - (0.0)
[+] Greedy: 0 - (0) -- Non-Greedy: 0 - (0.0)
[+] Greedy: 0 - (0) -- Non-Greedy: 0 - (0.0)
[+] Greedy: 0 - (0) -- Non-Greedy: 0 - (0.0)
[+] Greedy: 0 - (0) -- Non-Greedy: 0 - (0.0)
[+] Greedy: 0 - (0) -- Non-Greedy: 0 - (0.0)
[+] Greedy: 0 - (0) -- Non-Greedy: 0 - (0.0)
[+] Greedy: 0 - (0) -- Non-Greedy: 0 - (0.0)
[+] Greedy: 0 - (0) -- Non-Greedy: 0 - (0.0)
[+] Greedy: 0 - (0) -- Non-Greedy: 0 - (0.0)
[+] Greedy: 0 - (0) -- Non-Greedy: 0 - (0.0)
[+] Greedy: 0 - (0) -- Non-Greedy: 0 - (0.0)
[+] Greedy: 0 - (0) -- Non-Greedy: 0 - (0.0)
[+] Greedy: 0 - (0) -- Non-Greedy: 0 - (0.0)
[+] Greedy: 0 - (0) -- Non-Greedy: 0 - (0.0)
[+] Greedy: 0 - (0) -- Non-Greedy: 0 - (0.0)
[+] Greedy: 0 - (0) -- Non-Greedy: 0 - (0.0)
[+] Greedy: 0 - (0) -- Non-Greedy: 0 - (0.0)
[+] Greedy: 0 - (0) -- Non-Greedy: 0 - (0.0)
[+] Greedy: 0 - (0) -- Non-Greedy: 0 - (0.0)
[+] Greedy: 0 - (0) -- Non-Greedy: 0 - (0.0)
[+] Greedy: 0 - (0) -- Non-Greedy: 0 - (0.0)
[+] Greedy: 0 - (0) -- Non-Greedy: 0 - (0.0)
[+] Greedy: 0 - (0) -- Non-Greedy: 0 - (0.0)
[+] Greedy: 0 - (0) -- Non-Greedy: 0 - (0.0)
[+] Greedy: 0 - (0) -- Non-Greedy: 0 - (0.0)
[+] Greedy: 0 - (0) -- Non-Greedy: 0 - (0.0)
[+] Greedy: 0 - (0) -- Non-Greedy: 0 - (0.0)
[+] Greedy: 0 - (0) -- Non-Greedy: 0 - (0.0)
[+] Greedy: 0 - (0) -- Non-Greedy: 0 - (0.0)
[+] Greedy: 0 - (0) -- Non-Greedy: 0 - (0.0)
[+] Greedy: 0 - (0) -- Non-Greedy: 0 - (0.0)
[+] Greedy: 0 - (0) -- Non-Greedy: 0 - (0.0)
[+] Greedy: 0 - (0) -- Non-Greedy: 0 - (0.0)
[+] Greedy: 0 - (0) -- Non-Greedy: 0 - (0.0)
[+] Greedy: 0 - (0) -- Non-Greedy: 0 - (0.0)
[+] Greedy: 0 - (0) -- Non-Greedy: 0 - (0.0)
[+] Greedy: 0 - (0) -- Non-Greedy: 0 - (0.0)
[+] Greedy: 0 - (0) -- Non-Greedy: 0 - (0.0)
[+] Greedy: 0 - (0) -- Non-Greedy: 0 - (0.0)
[+] Greedy: 0 - (0) -- Non-Greedy: 0 - (0.0)
[+] Greedy: 0 - (0) -- Non-Greedy: 0 - (0.0)
[+] Greedy: 0 - (0) -- Non-Greedy: 0 - (0.0)
[+] Greedy: 0 - (0) -- Non-Greedy: 0 - (0.0)
[+] Greedy: 0 - (0) -- Non-Greedy: 0 - (0.0)
[+] Greedy: 0 - (0) -- Non-Greedy: 0 - (0.0)
[+] Greedy: 0 - (0) -- Non-Greedy: 0 - (0.0)
[+] Greedy: 0 - (0) -- Non-Greedy: 0 - (0.0)
[+] Greedy: 0 - (0) -- Non-Greedy: 0 - (0.0)
[+] Greedy: 0 - (0) -- Non-Greedy: 0 - (0.0)
[+] Greedy: 0 - (0) -- Non-Greedy: 0 - (0.0)
[+] Greedy: 0 - (0) -- Non-Greedy: 0 - (0.0)
[+] Greedy: 0 - (0) -- Non-Greedy: 0 - (0.0)
[+] Greedy: 0 - (0) -- Non-Greedy: 0 - (0.0)
[+] Greedy: 0 - (0) -- Non-Greedy: 0 - (0.0)
[+] Greedy: 0 - (0) -- Non-Greedy: 0 - (0.0)
[+] Greedy: 0 - (0) -- Non-Greedy: 0 - (0.0)
[+] Greedy: 0 - (0) -- Non-Greedy: 0 - (0.0)
[+] Greedy: 0 - (0) -- Non-Greedy: 0 - (0.0)
[+] Greedy: 0 - (0) -- Non-Greedy: 0 - (0.0)
[+] Greedy: 0 - (0) -- Non-Greedy: 0 - (0.0)
[+] Greedy: 0 - (0) -- Non-Greedy: 0 - (0.0)
[+] Greedy: 0 - (0) -- Non-Greedy: 0 - (0.0)
[+] Greedy: 0 - (0) -- Non-Greedy: 0 - (0.0)
[+] Greedy: 0 - (0) -- Non-Greedy: 0 - (0.0)
[+] Greedy: 0 - (0) -- Non-Greedy: 0 - (0.0)
[+] Greedy: 0 - (0) -- Non-Greedy: 0 - (0.0)
[+] Greedy: 0 - (0) -- Non-Greedy: 0 - (0.0)
[+] Greedy: 0 - (0) -- Non-Greedy: 0 - (0.0)
[+] Greedy: 0 - (0) -- Non-Greedy: 0 - (0.0)
[+] Greedy: 0 - (0) -- Non-Greedy: 0 - (0.0)
[+] Greedy: 0 - (0) -- Non-Greedy: 0 - (0.0)
[+] Greedy: 0 - (0) -- Non-Greedy: 0 - (0.0)
[+] Greedy: 0 - (0) -- Non-Greedy: 0 - (0.0)
[+] Greedy: 0 - (0) -- Non-Greedy: 0 - (0.0)
[+] Greedy: 0 - (0) -- Non-Greedy: 0 - (0.0)
[+] Greedy: 0 - (0) -- Non-Greedy: 0 - (0.0)
[+] Greedy: 0 - (0) -- Non-Greedy: 0 - (0.0)
[+] Greedy: 0 - (0) -- Non-Greedy: 0 - (0.0)
[+] Greedy: 0 - (0) -- Non-Greedy: 0 - (0.0)
[+] Greedy: 0 - (0) -- Non-Greedy: 0 - (0.0)
[+] Greedy: 0 - (0) -- Non-Greedy: 0 - (0.0)
[+] Greedy: 0 - (0) -- Non-Greedy: 0 - (0.0)
[+] Greedy: 0 - (0) -- Non-Greedy: 0 - (0.0)
[+] Greedy: 0 - (0) -- Non-Greedy: 0 - (0.0)
[+] Greedy: 0 - (0) -- Non-Greedy: 0 - (0.0)
[+] Greedy: 0 - (0) -- Non-Greedy: 0 - (0.0)
[+] Greedy: 0 - (0) -- Non-Greedy: 0 - (0.0)
[+] Greedy: 0 - (0) -- Non-Greedy: 0 - (0.0)
[+] Greedy: 0 - (0) -- Non-Greedy: 0 - (0.0)
[+] Greedy: 0 - (0) -- Non-Greedy: 0 - (0.0)
[+] Greedy: 0 - (0) -- Non-Greedy: 0 - (0.0)
[+] Greedy: 0 - (0) -- Non-Greedy: 0 - (0.0)
[+] Greedy: 0 - (0) -- Non-Greedy: 0 - (0.0)
[+] Greedy: 0 - (0) -- Non-Greedy: 0 - (0.0)
[+] Greedy: 0 - (0) -- Non-Greedy: 0 - (0.0)
[+] Greedy: 0 - (0) -- Non-Greedy: 0 - (0.0)
[+] Greedy: 0 - (0) -- Non-Greedy: 0 - (0.0)
[+] Greedy: 0 - (0) -- Non-Greedy: 0 - (0.0)
[+] Greedy: 0 - (0) -- Non-Greedy: 0 - (0.0)
[+] Greedy: 0 - (0) -- Non-Greedy: 0 - (0.0)
[+] Greedy: 0 - (0) -- Non-Greedy: 0 - (0.0)
[+] Greedy: 0 - (0) -- Non-Greedy: 0 - (0.0)
[+] Greedy: 0 - (0) -- Non-Greedy: 0 - (0.0)
[+] Greedy: 0 - (0) -- Non-Greedy: 0 - (0.0)
[+] Greedy: 0 - (0) -- Non-Greedy: 0 - (0.0)
[+] Greedy: 0 - (0) -- Non-Greedy: 0 - (0.0)
[+] Greedy: 0 - (0) -- Non-Greedy: 0 - (0.0)
[+] Greedy: 0 - (0) -- Non-Greedy: 0 - (0.0)
[+] Greedy: 0 - (0) -- Non-Greedy: 0 - (0.0)
[+] Greedy: 0 - (0) -- Non-Greedy: 0 - (0.0)
[+] Greedy: 0 - (0) -- Non-Greedy: 0 - (0.0)
[+] Greedy: 0 - (0) -- Non-Greedy: 0 - (0.0)
[+] Greedy: 0 - (0) -- Non-Greedy: 0 - (0.0)
[+] Greedy: 0 - (0) -- Non-Greedy: 0 - (0.0)
[+] Greedy: 0 - (0) -- Non-Greedy: 0 - (0.0)
[+] Greedy: 0 - (0) -- Non-Greedy: 0 - (0.0)
[+] Greedy: 0 - (0) -- Non-Greedy: 0 - (0.0)
[+] Greedy: 0 - (0) -- Non-Greedy: 0 - (0.0)
[+] Greedy: 0 - (0) -- Non-Greedy: 0 - (0.0)
[+] Greedy: 0 - (0) -- Non-Greedy: 0 - (0.0)
[+] Greedy: 0 - (0) -- Non-Greedy: 0 - (0.0)
[+] Greedy: 0 - (0) -- Non-Greedy: 0 - (0.0)
[+] Greedy: 0 - (0) -- Non-Greedy: 0 - (0.0)
[+] Greedy: 0 - (0) -- Non-Greedy: 0 - (0.0)
[+] Greedy: 0 - (0) -- Non-Greedy: 0 - (0.0)
[+] Greedy: 0 - (0) -- Non-Greedy: 0 - (0.0)
[+] Greedy: 0 - (0) -- Non-Greedy: 0 - (0.0)
[+] Greedy: 0 - (0) -- Non-Greedy: 0 - (0.0)
[+] Greedy: 0 - (0) -- Non-Greedy: 0 - (0.0)
[+] Greedy: 0 - (0) -- Non-Greedy: 0 - (0.0)
[+] Greedy: 0 - (0) -- Non-Greedy: 0 - (0.0)
[+] Greedy: 0 - (0) -- Non-Greedy: 0 - (0.0)
[+] Greedy: 0 - (0) -- Non-Greedy: 0 - (0.0)
[+] Greedy: 0 - (0) -- Non-Greedy: 0 - (0.0)
[+] Greedy: 0 - (0) -- Non-Greedy: 0 - (0.0)
[+] Greedy: 0 - (0) -- Non-Greedy: 0 - (0.0)
[+] Greedy: 0 - (0) -- Non-Greedy: 0 - (0.0)
[+] Greedy: 0 - (0) -- Non-Greedy: 0 - (0.0)
[+] Greedy: 0 - (0) -- Non-Greedy: 0 - (0.0)
[+] Greedy: 0 - (0) -- Non-Greedy: 0 - (0.0)
[+] Greedy: 0 - (0) -- Non-Greedy: 0 - (0.0)
[+] Greedy: 0 - (0) -- Non-Greedy: 0 - (0.0)
[+] Greedy: 0 - (0) -- Non-Greedy: 0 - (0.0)
[+] Greedy: 0 - (0) -- Non-Greedy: 0 - (0.0)
[+] Greedy: 0 - (0) -- Non-Greedy: 0 - (0.0)
[+] Greedy: 0 - (0) -- Non-Greedy: 0 - (0.0)
[+] Greedy: 0 - (0) -- Non-Greedy: 0 - (0.0)
[+] Greedy: 0 - (0) -- Non-Greedy: 0 - (0.0)
[+] Greedy: 0 - (0) -- Non-Greedy: 0 - (0.0)
[+] Greedy: 0 - (0) -- Non-Greedy: 0 - (0.0)
[+] Greedy: 0 - (0) -- Non-Greedy: 0 - (0.0)
[+] Greedy: 0 - (0) -- Non-Greedy: 0 - (0.0)
[+] Greedy: 0 - (0) -- Non-Greedy: 0 - (0.0)
[+] Greedy: 0 - (0) -- Non-Greedy: 0 - (0.0)
[+] Greedy: 0 - (0) -- Non-Greedy: 0 - (0.0)
[+] Greedy: 0 - (0) -- Non-Greedy: 0 - (0.0)
[+] Greedy: 0 - (0) -- Non-Greedy: 0 - (0.0)
[+] Greedy: 0 - (0) -- Non-Greedy: 0 - (0.0)
[+] Greedy: 0 - (0) -- Non-Greedy: 0 - (0.0)
[+] Greedy: 0 - (0) -- Non-Greedy: 0 - (0.0)
[+] Greedy: 0 - (0) -- Non-Greedy: 0 - (0.0)
[+] Greedy: 0 - (0) -- Non-Greedy: 0 - (0.0)
[+] Greedy: 0 - (0) -- Non-Greedy: 0 - (0.0)
[+] Greedy: 0 - (0) -- Non-Greedy: 0 - (0.0)
[+] Greedy: 0 - (0) -- Non-Greedy: 0 - (0.0)
[+] Greedy: 0 - (0) -- Non-Greedy: 0 - (0.0)
[+] Greedy: 0 - (0) -- Non-Greedy: 0 - (0.0)
[+] Greedy: 0 - (0) -- Non-Greedy: 0 - (0.0)
[+] Greedy: 0 - (0) -- Non-Greedy: 0 - (0.0)
[+] Greedy: 0 - (0) -- Non-Greedy: 0 - (0.0)
[+] Greedy: 0 - (0) -- Non-Greedy: 0 - (0.0)
[+] Greedy: 0 - (0) -- Non-Greedy: 0 - (0.0)
[+] Greedy: 0 - (0) -- Non-Greedy: 0 - (0.0)
[+] Greedy: 0 - (0) -- Non-Greedy: 0 - (0.0)
[+] Greedy: 0 - (0) -- Non-Greedy: 0 - (0.0)
[+] Greedy: 0 - (0) -- Non-Greedy: 0 - (0.0)
[+] Greedy: 0 - (0) -- Non-Greedy: 0 - (0.0)
[+] Greedy: 0 - (0) -- Non-Greedy: 0 - (0.0)
[+] Greedy: 0 - (0) -- Non-Greedy: 0 - (0.0)
[+] Greedy: 0 - (0) -- Non-Greedy: 0 - (0.0)
[+] Greedy: 0 - (0) -- Non-Greedy: 0 - (0.0)
[+] Greedy: 0 - (0) -- Non-Greedy: 0 - (0.0)
[+] Greedy: 0 - (0) -- Non-Greedy: 0 - (0.0)
[+] Greedy: 0 - (0) -- Non-Greedy: 0 - (0.0)
[+] Greedy: 0 - (0) -- Non-Greedy: 0 - (0.0)
[+] Greedy: 0 - (0) -- Non-Greedy: 0 - (0.0)
[+] Greedy: 0 - (0) -- Non-Greedy: 0 - (0.0)
[+] Greedy: 0 - (0) -- Non-Greedy: 0 - (0.0)
[+] Greedy: 0 - (0) -- Non-Greedy: 0 - (0.0)
[+] Greedy: 0 - (0) -- Non-Greedy: 0 - (0.0)
[+] Greedy: 0 - (0) -- Non-Greedy: 0 - (0.0)
[+] Greedy: 0 - (0) -- Non-Greedy: 0 - (0.0)
[+] Greedy: 0 - (0) -- Non-Greedy: 0 - (0.0)
[+] Greedy: 0 - (0) -- Non-Greedy: 0 - (0.0)
[+] Greedy: 0 - (0) -- Non-Greedy: 0 - (0.0)
[+] Greedy: 0 - (0) -- Non-Greedy: 0 - (0.0)
[+] Greedy: 0 - (0) -- Non-Greedy: 0 - (0.0)
[+] Greedy: 0 - (0) -- Non-Greedy: 0 - (0.0)
[+] Greedy: 0 - (0) -- Non-Greedy: 0 - (0.0)
[+] Greedy: 0 - (0) -- Non-Greedy: 0 - (0.0)
[+] Greedy: 0 - (0) -- Non-Greedy: 0 - (0.0)
[+] Greedy: 0 - (0) -- Non-Greedy: 0 - (0.0)
[+] Greedy: 0 - (0) -- Non-Greedy: 0 - (0.0)
[+] Greedy: 0 - (0) -- Non-Greedy: 0 - (0.0)
[+] Greedy: 0 - (0) -- Non-Greedy: 0 - (0.0)
[+] Greedy: 0 - (0) -- Non-Greedy: 0 - (0.0)
[+] Greedy: 0 - (0) -- Non-Greedy: 0 - (0.0)
[+] Greedy: 0 - (0) -- Non-Greedy: 0 - (0.0)
[+] Greedy: 0 - (0) -- Non-Greedy: 0 - (0.0)
[+] Greedy: 0 - (0) -- Non-Greedy: 0 - (0.0)
[+] Greedy: 0 - (0) -- Non-Greedy: 0 - (0.0)
[+] Greedy: 0 - (0) -- Non-Greedy: 0 - (0.0)
[+] Greedy: 0 - (0) -- Non-Greedy: 0 - (0.0)
[+] Greedy: 0 - (0) -- Non-Greedy: 0 - (0.0)
[+] Greedy: 0 - (0) -- Non-Greedy: 0 - (0.0)
[+] Greedy: 0 - (0) -- Non-Greedy: 0 - (0.0)
[+] Greedy: 0 - (0) -- Non-Greedy: 0 - (0.0)
[+] Greedy: 0 - (0) -- Non-Greedy: 0 - (0.0)
[+] Greedy: 0 - (0) -- Non-Greedy: 0 - (0.0)
[+] Greedy: 0 - (0) -- Non-Greedy: 0 - (0.0)
[+] Greedy: 0 - (0) -- Non-Greedy: 0 - (0.0)
[+] Greedy: 0 - (0) -- Non-Greedy: 0 - (0.0)
[+] Greedy: 0 - (0) -- Non-Greedy: 0 - (0.0)
[+] Greedy: 0 - (0) -- Non-Greedy: 0 - (0.0)
[+] Greedy: 0 - (0) -- Non-Greedy: 0 - (0.0)
[+] Greedy: 0 - (0) -- Non-Greedy: 0 - (0.0)
[+] Greedy: 0 - (0) -- Non-Greedy: 0 - (0.0)
[+] Greedy: 0 - (0) -- Non-Greedy: 0 - (0.0)
[+] Greedy: 0 - (0) -- Non-Greedy: 0 - (0.0)
[+] Greedy: 0 - (0) -- Non-Greedy: 0 - (0.0)
[+] Greedy: 0 - (0) -- Non-Greedy: 0 - (0.0)
[+] Greedy: 0 - (0) -- Non-Greedy: 0 - (0.0)
[+] Greedy: 0 - (0) -- Non-Greedy: 0 - (0.0)
[+] Greedy: 0 - (0) -- Non-Greedy: 0 - (0.0)
[+] Greedy: 0 - (0) -- Non-Greedy: 0 - (0.0)
[+] Greedy: 0 - (0) -- Non-Greedy: 0 - (0.0)
[+] Greedy: 0 - (0) -- Non-Greedy: 0 - (0.0)
[+] Greedy: 0 - (0) -- Non-Greedy: 0 - (0.0)
[+] Greedy: 0 - (0) -- Non-Greedy: 0 - (0.0)
[+] Greedy: 0 - (0) -- Non-Greedy: 0 - (0.0)
[+] Greedy: 0 - (0) -- Non-Greedy: 0 - (0.0)
[+] Greedy: 0 - (0) -- Non-Greedy: 0 - (0.0)
[+] Greedy: 0 - (0) -- Non-Greedy: 0 - (0.0)
[+] Greedy: 0 - (0) -- Non-Greedy: 0 - (0.0)
[+] Greedy: 0 - (0) -- Non-Greedy: 0 - (0.0)
[+] Greedy: 0 - (0) -- Non-Greedy: 0 - (0.0)
[+] Greedy: 0 - (0) -- Non-Greedy: 0 - (0.0)
[+] Greedy: 0 - (0) -- Non-Greedy: 0 - (0.0)
[+] Greedy: 0 - (0) -- Non-Greedy: 0 - (0.0)
[+] Greedy: 0 - (0) -- Non-Greedy: 0 - (0.0)
[+] Greedy: 0 - (0) -- Non-Greedy: 0 - (0.0)
[+] Greedy: 0 - (0) -- Non-Greedy: 0 - (0.0)
[+] Greedy: 0 - (0) -- Non-Greedy: 0 - (0.0)
[+] Greedy: 0 - (0) -- Non-Greedy: 0 - (0.0)
[+] Greedy: 0 - (0) -- Non-Greedy: 0 - (0.0)
[+] Greedy: 0 - (0) -- Non-Greedy: 0 - (0.0)
[+] Greedy: 0 - (0) -- Non-Greedy: 0 - (0.0)
[+] Greedy: 0 - (0) -- Non-Greedy: 0 - (0.0)
[+] Greedy: 0 - (0) -- Non-Greedy: 0 - (0.0)
[+] Greedy: 0 - (0) -- Non-Greedy: 0 - (0.0)
[+] Greedy: 0 - (0) -- Non-Greedy: 0 - (0.0)
[+] Greedy: 0 - (0) -- Non-Greedy: 0 - (0.0)
[+] Greedy: 0 - (0) -- Non-Greedy: 0 - (0.0)
[+] Greedy: 0 - (0) -- Non-Greedy: 0 - (0.0)
[+] Greedy: 0 - (0) -- Non-Greedy: 0 - (0.0)
[+] Greedy: 0 - (0) -- Non-Greedy: 0 - (0.0)
[+] Greedy: 0 - (0) -- Non-Greedy: 0 - (0.0)
[+] Greedy: 0 - (0) -- Non-Greedy: 0 - (0.0)
[+] Greedy: 0 - (0) -- Non-Greedy: 0 - (0.0)
[+] Greedy: 0 - (0) -- Non-Greedy: 0 - (0.0)
[+] Greedy: 0 - (0) -- Non-Greedy: 0 - (0.0)
[+] Greedy: 0 - (0) -- Non-Greedy: 0 - (0.0)
[+] Greedy: 0 - (0) -- Non-Greedy: 0 - (0.0)
[+] Greedy: 0 - (0) -- Non-Greedy: 0 - (0.0)
[+] Greedy: 0 - (0) -- Non-Greedy: 0 - (0.0)
[+] Greedy: 0 - (0) -- Non-Greedy: 0 - (0.0)
[+] Greedy: 0 - (0) -- Non-Greedy: 0 - (0.0)
[+] Greedy: 0 - (0) -- Non-Greedy: 0 - (0.0)
[+] Greedy: 0 - (0) -- Non-Greedy: 0 - (0.0)
[+] Greedy: 0 - (0) -- Non-Greedy: 0 - (0.0)
[+] Greedy: 0 - (0) -- Non-Greedy: 0 - (0.0)
[+] Greedy: 0 - (0) -- Non-Greedy: 0 - (0.0)
[+] Greedy: 0 - (0) -- Non-Greedy: 0 - (0.0)
[+] Greedy: 0 - (0) -- Non-Greedy: 0 - (0.0)
[+] Greedy: 0 - (0) -- Non-Greedy: 0 - (0.0)
[+] Greedy: 0 - (0) -- Non-Greedy: 0 - (0.0)
[+] Greedy: 0 - (0) -- Non-Greedy: 0 - (0.0)
[+] Greedy: 0 - (0) -- Non-Greedy: 0 - (0.0)
[+] Greedy: 0 - (0) -- Non-Greedy: 0 - (0.0)
[+] Greedy: 0 - (0) -- Non-Greedy: 0 - (0.0)
[+] Greedy: 0 - (0) -- Non-Greedy: 0 - (0.0)
[+] Greedy: 0 - (0) -- Non-Greedy: 0 - (0.0)
[+] Greedy: 0 - (0) -- Non-Greedy: 0 - (0.0)
[+] Greedy: 0 - (0) -- Non-Greedy: 0 - (0.0)
[+] Greedy: 0 - (0) -- Non-Greedy: 0 - (0.0)
[+] Greedy: 0 - (0) -- Non-Greedy: 0 - (0.0)
[+] Greedy: 0 - (0) -- Non-Greedy: 0 - (0.0)
[+] Greedy: 0 - (0) -- Non-Greedy: 0 - (0.0)
[+] Greedy: 0 - (0) -- Non-Greedy: 0 - (0.0)
[+] Greedy: 0 - (0) -- Non-Greedy: 0 - (0.0)
[+] Greedy: 0 - (0) -- Non-Greedy: 0 - (0.0)
[+] Greedy: 0 - (0) -- Non-Greedy: 0 - (0.0)
[+] Greedy: 0 - (0) -- Non-Greedy: 0 - (0.0)
[+] Greedy: 0 - (0) -- Non-Greedy: 0 - (0.0)
[+] Greedy: 0 - (0) -- Non-Greedy: 0 - (0.0)
[+] Greedy: 0 - (0) -- Non-Greedy: 0 - (0.0)
[+] Greedy: 0 - (0) -- Non-Greedy: 0 - (0.0)
[+] Greedy: 0 - (0) -- Non-Greedy: 0 - (0.0)
[+] Greedy: 0 - (0) -- Non-Greedy: 0 - (0.0)
[+] Greedy: 0 - (0) -- Non-Greedy: 0 - (0.0)
[+] Greedy: 0 - (0) -- Non-Greedy: 0 - (0.0)
[+] Greedy: 0 - (0) -- Non-Greedy: 0 - (0.0)
[+] Greedy: 0 - (0) -- Non-Greedy: 0 - (0.0)
[+] Greedy: 0 - (0) -- Non-Greedy: 0 - (0.0)
[+] Greedy: 0 - (0) -- Non-Greedy: 0 - (0.0)
[+] Greedy: 0 - (0) -- Non-Greedy: 0 - (0.0)
[+] Greedy: 0 - (0) -- Non-Greedy: 0 - (0.0)
[+] Greedy: 0 - (0) -- Non-Greedy: 0 - (0.0)
[+] Greedy: 0 - (0) -- Non-Greedy: 0 - (0.0)
[+] Greedy: 0 - (0) -- Non-Greedy: 0 - (0.0)
[+] Greedy: 0 - (0) -- Non-Greedy: 0 - (0.0)
[+] Greedy: 0 - (0) -- Non-Greedy: 0 - (0.0)
[+] Greedy: 0 - (0) -- Non-Greedy: 0 - (0.0)
[+] Greedy: 0 - (0) -- Non-Greedy: 0 - (0.0)
[+] Greedy: 0 - (0) -- Non-Greedy: 0 - (0.0)
[+] Greedy: 0 - (0) -- Non-Greedy: 0 - (0.0)
[+] Greedy: 0 - (0) -- Non-Greedy: 0 - (0.0)
[+] Greedy: 0 - (0) -- Non-Greedy: 0 - (0.0)
[+] Greedy: 0 - (0) -- Non-Greedy: 0 - (0.0)
[+] Greedy: 0 - (0) -- Non-Greedy: 0 - (0.0)
[+] Greedy: 0 - (0) -- Non-Greedy: 0 - (0.0)
[+] Greedy: 0 - (0) -- Non-Greedy: 0 - (0.0)
[+] Greedy: 0 - (0) -- Non-Greedy: 0 - (0.0)
[+] Greedy: 0 - (0) -- Non-Greedy: 0 - (0.0)
[+] Greedy: 0 - (0) -- Non-Greedy: 0 - (0.0)
[+] Greedy: 0 - (0) -- Non-Greedy: 0 - (0.0)
[+] Greedy: 0 - (0) -- Non-Greedy: 0 - (0.0)
[+] Greedy: 0 - (0) -- Non-Greedy: 0 - (0.0)
[+] Greedy: 0 - (0) -- Non-Greedy: 0 - (0.0)
[+] Greedy: 0 - (0) -- Non-Greedy: 0 - (0.0)
[+] Greedy: 0 - (0) -- Non-Greedy: 0 - (0.0)
[+] Greedy: 0 - (0) -- Non-Greedy: 0 - (0.0)
[+] Greedy: 0 - (0) -- Non-Greedy: 0 - (0.0)
[+] Greedy: 0 - (0) -- Non-Greedy: 0 - (0.0)
[+] Greedy: 0 - (0) -- Non-Greedy: 0 - (0.0)
[+] Greedy: 0 - (0) -- Non-Greedy: 0 - (0.0)
[+] Greedy: 0 - (0) -- Non-Greedy: 0 - (0.0)
[+] Greedy: 0 - (0) -- Non-Greedy: 0 - (0.0)
[+] Greedy: 0 - (0) -- Non-Greedy: 0 - (0.0)
[+] Greedy: 0 - (0) -- Non-Greedy: 0 - (0.0)
[+] Greedy: 0 - (0) -- Non-Greedy: 0 - (0.0)
[+] Greedy: 0 - (0) -- Non-Greedy: 0 - (0.0)
[+] Greedy: 0 - (0) -- Non-Greedy: 0 - (0.0)
[+] Greedy: 0 - (0) -- Non-Greedy: 0 - (0.0)
[+] Greedy: 0 - (0) -- Non-Greedy: 0 - (0.0)
[+] Greedy: 0 - (0) -- Non-Greedy: 0 - (0.0)
[+] Greedy: 0 - (0) -- Non-Greedy: 0 - (0.0)
[+] Greedy: 0 - (0) -- Non-Greedy: 0 - (0.0)
[+] Greedy: 0 - (0) -- Non-Greedy: 0 - (0.0)
[+] Greedy: 0 - (0) -- Non-Greedy: 0 - (0.0)
[+] Greedy: 0 - (0) -- Non-Greedy: 0 - (0.0)
[+] Greedy: 0 - (0) -- Non-Greedy: 0 - (0.0)
[+] Greedy: 0 - (0) -- Non-Greedy: 0 - (0.0)
[+] Greedy: 0 - (0) -- Non-Greedy: 0 - (0.0)
[+] Greedy: 0 - (0) -- Non-Greedy: 0 - (0.0)
[+] Greedy: 0 - (0) -- Non-Greedy: 0 - (0.0)
[+] Greedy: 0 - (0) -- Non-Greedy: 0 - (0.0)
[+] Greedy: 0 - (0) -- Non-Greedy: 0 - (0.0)
[+] Greedy: 0 - (0) -- Non-Greedy: 0 - (0.0)
[+] Greedy: 0 - (0) -- Non-Greedy: 0 - (0.0)
[+] Greedy: 0 - (0) -- Non-Greedy: 0 - (0.0)
[+] Greedy: 0 - (0) -- Non-Greedy: 0 - (0.0)
[+] Greedy: 0 - (0) -- Non-Greedy: 0 - (0.0)
[+] Greedy: 0 - (0) -- Non-Greedy: 0 - (0.0)
[+] Greedy: 0 - (0) -- Non-Greedy: 0 - (0.0)
[+] Greedy: 0 - (0) -- Non-Greedy: 0 - (0.0)
[+] Greedy: 0 - (0) -- Non-Greedy: 0 - (0.0)
[+] Greedy: 0 - (0) -- Non-Greedy: 0 - (0.0)
[+] Greedy: 0 - (0) -- Non-Greedy: 0 - (0.0)
[+] Greedy: 0 - (0) -- Non-Greedy: 0 - (0.0)
[+] Greedy: 0 - (0) -- Non-Greedy: 0 - (0.0)
[+] Greedy: 0 - (0) -- Non-Greedy: 0 - (0.0)
[+] Greedy: 0 - (0) -- Non-Greedy: 0 - (0.0)
[+] Greedy: 0 - (0) -- Non-Greedy: 0 - (0.0)
[+] Greedy: 0 - (0) -- Non-Greedy: 0 - (0.0)
[+] Greedy: 0 - (0) -- Non-Greedy: 0 - (0.0)
[+] Greedy: 0 - (0) -- Non-Greedy: 0 - (0.0)
[+] Greedy: 0 - (0) -- Non-Greedy: 0 - (0.0)
[+] Greedy: 0 - (0) -- Non-Greedy: 0 - (0.0)
[+] Greedy: 0 - (0) -- Non-Greedy: 0 - (0.0)
[+] Greedy: 0 - (0) -- Non-Greedy: 0 - (0.0)
[+] Greedy: 0 - (0) -- Non-Greedy: 0 - (0.0)
[+] Greedy: 0 - (0) -- Non-Greedy: 0 - (0.0)
[+] Greedy: 0 - (0) -- Non-Greedy: 0 - (0.0)
[+] Greedy: 0 - (0) -- Non-Greedy: 0 - (0.0)
[+] Greedy: 0 - (0) -- Non-Greedy: 0 - (0.0)
[+] Greedy: 0 - (0) -- Non-Greedy: 0 - (0.0)
[+] Greedy: 0 - (0) -- Non-Greedy: 0 - (0.0)
[+] Greedy: 0 - (0) -- Non-Greedy: 0 - (0.0)
[+] Greedy: 0 - (0) -- Non-Greedy: 0 - (0.0)
[+] Greedy: 0 - (0) -- Non-Greedy: 0 - (0.0)
[+] Greedy: 0 - (0) -- Non-Greedy: 0 - (0.0)
[+] Greedy: 0 - (0) -- Non-Greedy: 0 - (0.0)
[+] Greedy: 0 - (0) -- Non-Greedy: 0 - (0.0)
[+] Greedy: 0 - (0) -- Non-Greedy: 0 - (0.0)
[+] Greedy: 0 - (0) -- Non-Greedy: 0 - (0.0)
[+] Greedy: 0 - (0) -- Non-Greedy: 0 - (0.0)
[+] Greedy: 0 - (0) -- Non-Greedy: 0 - (0.0)
[+] Greedy: 0 - (0) -- Non-Greedy: 0 - (0.0)
[+] Greedy: 0 - (0) -- Non-Greedy: 0 - (0.0)
[+] Greedy: 0 - (0) -- Non-Greedy: 0 - (0.0)
[+] Greedy: 0 - (0) -- Non-Greedy: 0 - (0.0)
[+] Greedy: 0 - (0) -- Non-Greedy: 0 - (0.0)
[+] Greedy: 0 - (0) -- Non-Greedy: 0 - (0.0)
[+] Greedy: 0 - (0) -- Non-Greedy: 0 - (0.0)
[+] Greedy: 0 - (0) -- Non-Greedy: 0 - (0.0)
[+] Greedy: 0 - (0) -- Non-Greedy: 0 - (0.0)
[+] Greedy: 0 - (0) -- Non-Greedy: 0 - (0.0)
[+] Greedy: 0 - (0) -- Non-Greedy: 0 - (0.0)
[+] Greedy: 0 - (0) -- Non-Greedy: 0 - (0.0)
[+] Greedy: 0 - (0) -- Non-Greedy: 0 - (0.0)
[+] Greedy: 0 - (0) -- Non-Greedy: 0 - (0.0)
[+] Greedy: 0 - (0) -- Non-Greedy: 0 - (0.0)
[+] Greedy: 0 - (0) -- Non-Greedy: 0 - (0.0)
[+] Greedy: 0 - (0) -- Non-Greedy: 0 - (0.0)
[+] Greedy: 0 - (0) -- Non-Greedy: 0 - (0.0)
[+] Greedy: 0 - (0) -- Non-Greedy: 0 - (0.0)
[+] Greedy: 0 - (0) -- Non-Greedy: 0 - (0.0)
[+] Greedy: 0 - (0) -- Non-Greedy: 0 - (0.0)
[+] Greedy: 0 - (0) -- Non-Greedy: 0 - (0.0)
[+] Greedy: 0 - (0) -- Non-Greedy: 0 - (0.0)
[+] Greedy: 0 - (0) -- Non-Greedy: 0 - (0.0)
[+] Greedy: 0 - (0) -- Non-Greedy: 0 - (0.0)
[+] Greedy: 0 - (0) -- Non-Greedy: 0 - (0.0)
[+] Greedy: 0 - (0) -- Non-Greedy: 0 - (0.0)
[+] Greedy: 0 - (0) -- Non-Greedy: 0 - (0.0)
[+] Greedy: 0 - (0) -- Non-Greedy: 0 - (0.0)
[+] Greedy: 0 - (0) -- Non-Greedy: 0 - (0.0)
[+] Greedy: 0 - (0) -- Non-Greedy: 0 - (0.0)
[+] Greedy: 0 - (0) -- Non-Greedy: 0 - (0.0)
[+] Greedy: 0 - (0) -- Non-Greedy: 0 - (0.0)
[+] Greedy: 0 - (0) -- Non-Greedy: 0 - (0.0)
[+] Greedy: 0 - (0) -- Non-Greedy: 0 - (0.0)
[+] Greedy: 0 - (0) -- Non-Greedy: 0 - (0.0)
[+] Greedy: 0 - (0) -- Non-Greedy: 0 - (0.0)
[+] Greedy: 0 - (0) -- Non-Greedy: 0 - (0.0)
[+] Greedy: 0 - (0) -- Non-Greedy: 0 - (0.0)
[+] Greedy: 0 - (0) -- Non-Greedy: 0 - (0.0)
[+] Greedy: 0 - (0) -- Non-Greedy: 0 - (0.0)
[+] Greedy: 0 - (0) -- Non-Greedy: 0 - (0.0)
[+] Greedy: 0 - (0) -- Non-Greedy: 0 - (0.0)
[+] Greedy: 0 - (0) -- Non-Greedy: 0 - (0.0)
[+] Greedy: 0 - (0) -- Non-Greedy: 0 - (0.0)
[+] Greedy: 0 - (0) -- Non-Greedy: 0 - (0.0)
[+] Greedy: 0 - (0) -- Non-Greedy: 0 - (0.0)
[+] Greedy: 0 - (0) -- Non-Greedy: 0 - (0.0)
[+] Greedy: 0 - (0) -- Non-Greedy: 0 - (0.0)
[+] Greedy: 0 - (0) -- Non-Greedy: 0 - (0.0)
[+] Greedy: 0 - (0) -- Non-Greedy: 0 - (0.0)
[+] Greedy: 0 - (0) -- Non-Greedy: 0 - (0.0)
[+] Greedy: 0 - (0) -- Non-Greedy: 0 - (0.0)
[+] Greedy: 0 - (0) -- Non-Greedy: 0 - (0.0)
[+] Greedy: 0 - (0) -- Non-Greedy: 0 - (0.0)
[+] Greedy: 0 - (0) -- Non-Greedy: 0 - (0.0)
[+] Greedy: 0 - (0) -- Non-Greedy: 0 - (0.0)
[+] Greedy: 0 - (0) -- Non-Greedy: 0 - (0.0)
[+] Greedy: 0 - (0) -- Non-Greedy: 0 - (0.0)
[+] Greedy: 0 - (0) -- Non-Greedy: 0 - (0.0)
[+] Greedy: 0 - (0) -- Non-Greedy: 0 - (0.0)
[+] Greedy: 0 - (0) -- Non-Greedy: 0 - (0.0)
[+] Greedy: 0 - (0) -- Non-Greedy: 0 - (0.0)
[+] Greedy: 0 - (0) -- Non-Greedy: 0 - (0.0)
[+] Greedy: 0 - (0) -- Non-Greedy: 0 - (0.0)
[+] Greedy: 0 - (0) -- Non-Greedy: 0 - (0.0)
[+] Greedy: 0 - (0) -- Non-Greedy: 0 - (0.0)
[+] Greedy: 0 - (0) -- Non-Greedy: 0 - (0.0)
[+] Greedy: 0 - (0) -- Non-Greedy: 0 - (0.0)
[+] Greedy: 0 - (0) -- Non-Greedy: 0 - (0.0)
[+] Greedy: 0 - (0) -- Non-Greedy: 0 - (0.0)
[+] Greedy: 0 - (0) -- Non-Greedy: 0 - (0.0)
[+] Greedy: 0 - (0) -- Non-Greedy: 0 - (0.0)
[+] Greedy: 0 - (0) -- Non-Greedy: 0 - (0.0)
[+] Greedy: 0 - (0) -- Non-Greedy: 0 - (0.0)
[+] Greedy: 0 - (0) -- Non-Greedy: 0 - (0.0)
[+] Greedy: 0 - (0) -- Non-Greedy: 0 - (0.0)
[+] Greedy: 0 - (0) -- Non-Greedy: 0 - (0.0)
[+] Greedy: 0 - (0) -- Non-Greedy: 0 - (0.0)
[+] Greedy: 0 - (0) -- Non-Greedy: 0 - (0.0)
[+] Greedy: 0 - (0) -- Non-Greedy: 0 - (0.0)
[+] Greedy: 0 - (0) -- Non-Greedy: 0 - (0.0)
[+] Greedy: 0 - (0) -- Non-Greedy: 0 - (0.0)
[+] Greedy: 0 - (0) -- Non-Greedy: 0 - (0.0)
[+] Greedy: 0 - (0) -- Non-Greedy: 0 - (0.0)
[+] Greedy: 0 - (0) -- Non-Greedy: 0 - (0.0)
[+] Greedy: 0 - (0) -- Non-Greedy: 0 - (0.0)
[+] Greedy: 0 - (0) -- Non-Greedy: 0 - (0.0)
[+] Greedy: 0 - (0) -- Non-Greedy: 0 - (0.0)
[+] Greedy: 0 - (0) -- Non-Greedy: 0 - (0.0)
[+] Greedy: 0 - (0) -- Non-Greedy: 0 - (0.0)
[+] Greedy: 0 - (0) -- Non-Greedy: 0 - (0.0)
[+] Greedy: 0 - (0) -- Non-Greedy: 0 - (0.0)
[+] Greedy: 0 - (0) -- Non-Greedy: 0 - (0.0)
[+] Greedy: 0 - (0) -- Non-Greedy: 0 - (0.0)
[+] Greedy: 0 - (0) -- Non-Greedy: 0 - (0.0)
[+] Greedy: 0 - (0) -- Non-Greedy: 0 - (0.0)
[+] Greedy: 0 - (0) -- Non-Greedy: 0 - (0.0)
[+] Greedy: 0 - (0) -- Non-Greedy: 0 - (0.0)
[+] Greedy: 0 - (0) -- Non-Greedy: 0 - (0.0)
[+] Greedy: 0 - (0) -- Non-Greedy: 0 - (0.0)
[+] Greedy: 0 - (0) -- Non-Greedy: 0 - (0.0)
[+] Greedy: 0 - (0) -- Non-Greedy: 0 - (0.0)
[+] Greedy: 0 - (0) -- Non-Greedy: 0 - (0.0)
[+] Greedy: 0 - (0) -- Non-Greedy: 0 - (0.0)
[+] Greedy: 0 - (0) -- Non-Greedy: 0 - (0.0)
[+] Greedy: 0 - (0) -- Non-Greedy: 0 - (0.0)
[+] Greedy: 0 - (0) -- Non-Greedy: 0 - (0.0)
[+] Greedy: 0 - (0) -- Non-Greedy: 0 - (0.0)
[+] Greedy: 0 - (0) -- Non-Greedy: 0 - (0.0)
[+] Greedy: 0 - (0) -- Non-Greedy: 0 - (0.0)
[+] Greedy: 0 - (0) -- Non-Greedy: 0 - (0.0)
[+] Greedy: 0 - (0) -- Non-Greedy: 0 - (0.0)
[+] Greedy: 0 - (0) -- Non-Greedy: 0 - (0.0)
[+] Greedy: 0 - (0) -- Non-Greedy: 0 - (0.0)
[+] Greedy: 0 - (0) -- Non-Greedy: 0 - (0.0)
[+] Greedy: 0 - (0) -- Non-Greedy: 0 - (0.0)
[+] Greedy: 0 - (0) -- Non-Greedy: 0 - (0.0)
[+] Greedy: 0 - (0) -- Non-Greedy: 0 - (0.0)
[+] Greedy: 0 - (0) -- Non-Greedy: 0 - (0.0)
[+] Greedy: 0 - (0) -- Non-Greedy: 0 - (0.0)
[+] Greedy: 0 - (0) -- Non-Greedy: 0 - (0.0)
[+] Greedy: 0 - (0) -- Non-Greedy: 0 - (0.0)
[+] Greedy: 0 - (0) -- Non-Greedy: 0 - (0.0)
[+] Greedy: 0 - (0) -- Non-Greedy: 0 - (0.0)
[+] Greedy: 0 - (0) -- Non-Greedy: 0 - (0.0)
[+] Greedy: 0 - (0) -- Non-Greedy: 0 - (0.0)
[+] Greedy: 0 - (0) -- Non-Greedy: 0 - (0.0)
[+] Greedy: 0 - (0) -- Non-Greedy: 0 - (0.0)
[+] Greedy: 0 - (0) -- Non-Greedy: 0 - (0.0)
[+] Greedy: 0 - (0) -- Non-Greedy: 0 - (0.0)
[+] Greedy: 0 - (0) -- Non-Greedy: 0 - (0.0)
[+] Greedy: 0 - (0) -- Non-Greedy: 0 - (0.0)
[+] Greedy: 0 - (0) -- Non-Greedy: 0 - (0.0)
[+] Greedy: 0 - (0) -- Non-Greedy: 0 - (0.0)
[+] Greedy: 0 - (0) -- Non-Greedy: 0 - (0.0)
[+] Greedy: 0 - (0) -- Non-Greedy: 0 - (0.0)
[+] Greedy: 0 - (0) -- Non-Greedy: 0 - (0.0)
[+] Greedy: 0 - (0) -- Non-Greedy: 0 - (0.0)
[+] Greedy: 0 - (0) -- Non-Greedy: 0 - (0.0)
[+] Greedy: 0 - (0) -- Non-Greedy: 0 - (0.0)
[+] Greedy: 0 - (0) -- Non-Greedy: 0 - (0.0)
[+] Greedy: 0 - (0) -- Non-Greedy: 0 - (0.0)
[+] Greedy: 0 - (0) -- Non-Greedy: 0 - (0.0)
[+] Greedy: 0 - (0) -- Non-Greedy: 0 - (0.0)
[+] Greedy: 0 - (0) -- Non-Greedy: 0 - (0.0)
[+] Greedy: 0 - (0) -- Non-Greedy: 0 - (0.0)
[+] Greedy: 0 - (0) -- Non-Greedy: 0 - (0.0)
[+] Greedy: 0 - (0) -- Non-Greedy: 0 - (0.0)
[+] Greedy: 0 - (0) -- Non-Greedy: 0 - (0.0)
[+] Greedy: 0 - (0) -- Non-Greedy: 0 - (0.0)
[+] Greedy: 0 - (0) -- Non-Greedy: 0 - (0.0)
[+] Greedy: 0 - (0) -- Non-Greedy: 0 - (0.0)
[+] Greedy: 0 - (0) -- Non-Greedy: 0 - (0.0)
[+] Greedy: 0 - (0) -- Non-Greedy: 0 - (0.0)
[+] Greedy: 0 - (0) -- Non-Greedy: 0 - (0.0)
[+] Greedy: 0 - (0) -- Non-Greedy: 0 - (0.0)
[+] Greedy: 0 - (0) -- Non-Greedy: 0 - (0.0)
[+] Greedy: 0 - (0) -- Non-Greedy: 0 - (0.0)
[+] Greedy: 0 - (0) -- Non-Greedy: 0 - (0.0)
[+] Greedy: 0 - (0) -- Non-Greedy: 0 - (0.0)
[+] Greedy: 0 - (0) -- Non-Greedy: 0 - (0.0)
[+] Greedy: 0 - (0) -- Non-Greedy: 0 - (0.0)
[+] Greedy: 0 - (0) -- Non-Greedy: 0 - (0.0)
[+] Greedy: 0 - (0) -- Non-Greedy: 0 - (0.0)
[+] Greedy: 0 - (0) -- Non-Greedy: 0 - (0.0)
[+] Greedy: 0 - (0) -- Non-Greedy: 0 - (0.0)
[+] Greedy: 0 - (0) -- Non-Greedy: 0 - (0.0)
[+] Greedy: 0 - (0) -- Non-Greedy: 0 - (0.0)
[+] Greedy: 0 - (0) -- Non-Greedy: 0 - (0.0)
[+] Greedy: 0 - (0) -- Non-Greedy: 0 - (0.0)
[+] Greedy: 0 - (0) -- Non-Greedy: 0 - (0.0)
[+] Greedy: 0 - (0) -- Non-Greedy: 0 - (0.0)
[+] Greedy: 0 - (0) -- Non-Greedy: 0 - (0.0)
[+] Greedy: 0 - (0) -- Non-Greedy: 0 - (0.0)
[+] Greedy: 0 - (0) -- Non-Greedy: 0 - (0.0)
[+] Greedy: 0 - (0) -- Non-Greedy: 0 - (0.0)
[+] Greedy: 0 - (0) -- Non-Greedy: 0 - (0.0)
[+] Greedy: 0 - (0) -- Non-Greedy: 0 - (0.0)
[+] Greedy: 0 - (0) -- Non-Greedy: 0 - (0.0)
[+] Greedy: 0 - (0) -- Non-Greedy: 0 - (0.0)
[+] Greedy: 0 - (0) -- Non-Greedy: 0 - (0.0)
[+] Greedy: 0 - (0) -- Non-Greedy: 0 - (0.0)
[+] Greedy: 0 - (0) -- Non-Greedy: 0 - (0.0)
[+] Greedy: 0 - (0) -- Non-Greedy: 0 - (0.0)
[+] Greedy: 0 - (0) -- Non-Greedy: 0 - (0.0)
[+] Greedy: 0 - (0) -- Non-Greedy: 0 - (0.0)
[+] Greedy: 0 - (0) -- Non-Greedy: 0 - (0.0)
[+] Greedy: 0 - (0) -- Non-Greedy: 0 - (0.0)
[+] Greedy: 0 - (0) -- Non-Greedy: 0 - (0.0)
[+] Greedy: 0 - (0) -- Non-Greedy: 0 - (0.0)
[+] Greedy: 0 - (0) -- Non-Greedy: 0 - (0.0)
[+] Greedy: 0 - (0) -- Non-Greedy: 0 - (0.0)
[+] Greedy: 0 - (0) -- Non-Greedy: 0 - (0.0)
[+] Greedy: 0 - (0) -- Non-Greedy: 0 - (0.0)
[+] Greedy: 0 - (0) -- Non-Greedy: 0 - (0.0)
[+] Greedy: 0 - (0) -- Non-Greedy: 0 - (0.0)
[+] Greedy: 0 - (0) -- Non-Greedy: 0 - (0.0)
[+] Greedy: 0 - (0) -- Non-Greedy: 0 - (0.0)
[+] Greedy: 0 - (0) -- Non-Greedy: 0 - (0.0)
[+] Greedy: 0 - (0) -- Non-Greedy: 0 - (0.0)
[+] Greedy: 0 - (0) -- Non-Greedy: 0 - (0.0)
[+] Greedy: 0 - (0) -- Non-Greedy: 0 - (0.0)
[+] Greedy: 0 - (0) -- Non-Greedy: 0 - (0.0)
[+] Greedy: 0 - (0) -- Non-Greedy: 0 - (0.0)
[+] Greedy: 0 - (0) -- Non-Greedy: 0 - (0.0)
[+] Greedy: 0 - (0) -- Non-Greedy: 0 - (0.0)
[+] Greedy: 0 - (0) -- Non-Greedy: 0 - (0.0)
[+] Greedy: 0 - (0) -- Non-Greedy: 0 - (0.0)
[+] Greedy: 0 - (0) -- Non-Greedy: 0 - (0.0)
[+] Greedy: 0 - (0) -- Non-Greedy: 0 - (0.0)
[+] Greedy: 0 - (0) -- Non-Greedy: 0 - (0.0)
[+] Greedy: 0 - (0) -- Non-Greedy: 0 - (0.0)
[+] Greedy: 0 - (0) -- Non-Greedy: 0 - (0.0)
[+] Greedy: 0 - (0) -- Non-Greedy: 0 - (0.0)
[+] Greedy: 0 - (0) -- Non-Greedy: 0 - (0.0)
[+] Greedy: 0 - (0) -- Non-Greedy: 0 - (0.0)
[+] Greedy: 0 - (0) -- Non-Greedy: 0 - (0.0)
[+] Greedy: 0 - (0) -- Non-Greedy: 0 - (0.0)
[+] Greedy: 0 - (0) -- Non-Greedy: 0 - (0.0)
[+] Greedy: 0 - (0) -- Non-Greedy: 0 - (0.0)
[+] Greedy: 0 - (0) -- Non-Greedy: 0 - (0.0)
[+] Greedy: 0 - (0) -- Non-Greedy: 0 - (0.0)
[+] Greedy: 0 - (0) -- Non-Greedy: 0 - (0.0)
[+] Greedy: 0 - (0) -- Non-Greedy: 0 - (0.0)
[+] Greedy: 0 - (0) -- Non-Greedy: 0 - (0.0)
[+] Greedy: 0 - (0) -- Non-Greedy: 0 - (0.0)
[+] Greedy: 0 - (0) -- Non-Greedy: 0 - (0.0)
[+] Greedy: 0 - (0) -- Non-Greedy: 0 - (0.0)
[+] Greedy: 0 - (0) -- Non-Greedy: 0 - (0.0)
[+] Greedy: 0 - (0) -- Non-Greedy: 0 - (0.0)
[+] Greedy: 0 - (0) -- Non-Greedy: 0 - (0.0)
[+] Greedy: 0 - (0) -- Non-Greedy: 0 - (0.0)
[+] Greedy: 0 - (0) -- Non-Greedy: 0 - (0.0)
[+] Greedy: 0 - (0) -- Non-Greedy: 0 - (0.0)
[+] Greedy: 0 - (0) -- Non-Greedy: 0 - (0.0)
[+] Greedy: 0 - (0) -- Non-Greedy: 0 - (0.0)
[+] Greedy: 0 - (0) -- Non-Greedy: 0 - (0.0)
[+] Greedy: 0 - (0) -- Non-Greedy: 0 - (0.0)
[+] Greedy: 0 - (0) -- Non-Greedy: 0 - (0.0)
[+] Greedy: 0 - (0) -- Non-Greedy: 0 - (0.0)
[+] Greedy: 0 - (0) -- Non-Greedy: 0 - (0.0)
[+] Greedy: 0 - (0) -- Non-Greedy: 0 - (0.0)
[+] Greedy: 0 - (0) -- Non-Greedy: 0 - (0.0)
[+] Greedy: 0 - (0) -- Non-Greedy: 0 - (0.0)
[+] Greedy: 0 - (0) -- Non-Greedy: 0 - (0.0)
[+] Greedy: 0 - (0) -- Non-Greedy: 0 - (0.0)
[+] Greedy: 0 - (0) -- Non-Greedy: 0 - (0.0)
[+] Greedy: 0 - (0) -- Non-Greedy: 0 - (0.0)
[+] Greedy: 0 - (0) -- Non-Greedy: 0 - (0.0)
[+] Greedy: 0 - (0) -- Non-Greedy: 0 - (0.0)
[+] Greedy: 0 - (0) -- Non-Greedy: 0 - (0.0)
[+] Greedy: 0 - (0) -- Non-Greedy: 0 - (0.0)
[+] Greedy: 0 - (0) -- Non-Greedy: 0 - (0.0)
[+] Greedy: 0 - (0) -- Non-Greedy: 0 - (0.0)
[+] Greedy: 0 - (0) -- Non-Greedy: 0 - (0.0)
[+] Greedy: 0 - (0) -- Non-Greedy: 0 - (0.0)
[+] Greedy: 0 - (0) -- Non-Greedy: 0 - (0.0)
[+] Greedy: 0 - (0) -- Non-Greedy: 0 - (0.0)
[+] Greedy: 0 - (0) -- Non-Greedy: 0 - (0.0)
[+] Greedy: 0 - (0) -- Non-Greedy: 0 - (0.0)
[+] Greedy: 0 - (0) -- Non-Greedy: 0 - (0.0)
[+] Greedy: 0 - (0) -- Non-Greedy: 0 - (0.0)
[+] Greedy: 0 - (0) -- Non-Greedy: 0 - (0.0)
[+] Greedy: 0 - (0) -- Non-Greedy: 0 - (0.0)
[+] Greedy: 0 - (0) -- Non-Greedy: 0 - (0.0)
[+] Greedy: 0 - (0) -- Non-Greedy: 0 - (0.0)
[+] Greedy: 0 - (0) -- Non-Greedy: 0 - (0.0)
[+] Greedy: 0 - (0) -- Non-Greedy: 0 - (0.0)
[+] Greedy: 0 - (0) -- Non-Greedy: 0 - (0.0)
[+] Greedy: 0 - (0) -- Non-Greedy: 0 - (0.0)
[+] Greedy: 0 - (0) -- Non-Greedy: 0 - (0.0)
[+] Greedy: 0 - (0) -- Non-Greedy: 0 - (0.0)
[+] Greedy: 0 - (0) -- Non-Greedy: 0 - (0.0)
[+] Greedy: 0 - (0) -- Non-Greedy: 0 - (0.0)
[+] Greedy: 0 - (0) -- Non-Greedy: 0 - (0.0)
[+] Greedy: 0 - (0) -- Non-Greedy: 0 - (0.0)
[+] Greedy: 0 - (0) -- Non-Greedy: 0 - (0.0)
[+] Greedy: 0 - (0) -- Non-Greedy: 0 - (0.0)
[+] Greedy: 0 - (0) -- Non-Greedy: 0 - (0.0)
[+] Greedy: 0 - (0) -- Non-Greedy: 0 - (0.0)
[+] Greedy: 0 - (0) -- Non-Greedy: 0 - (0.0)
[+] Greedy: 0 - (0) -- Non-Greedy: 0 - (0.0)
[+] Greedy: 0 - (0) -- Non-Greedy: 0 - (0.0)
[+] Greedy: 0 - (0) -- Non-Greedy: 0 - (0.0)
[+] Greedy: 0 - (0) -- Non-Greedy: 0 - (0.0)
[+] Greedy: 0 - (0) -- Non-Greedy: 0 - (0.0)
[+] Greedy: 0 - (0) -- Non-Greedy: 0 - (0.0)
[+] Greedy: 0 - (0) -- Non-Greedy: 0 - (0.0)
[+] Greedy: 0 - (0) -- Non-Greedy: 0 - (0.0)
[+] Greedy: 0 - (0) -- Non-Greedy: 0 - (0.0)
[+] Greedy: 0 - (0) -- Non-Greedy: 0 - (0.0)
[+] Greedy: 0 - (0) -- Non-Greedy: 0 - (0.0)
[+] Greedy: 0 - (0) -- Non-Greedy: 0 - (0.0)
[+] Greedy: 0 - (0) -- Non-Greedy: 0 - (0.0)
[+] Greedy: 0 - (0) -- Non-Greedy: 0 - (0.0)
[+] Greedy: 0 - (0) -- Non-Greedy: 0 - (0.0)
[+] Greedy: 0 - (0) -- Non-Greedy: 0 - (0.0)
[+] Greedy: 0 - (0) -- Non-Greedy: 0 - (0.0)
[+] Greedy: 0 - (0) -- Non-Greedy: 0 - (0.0)
[+] Greedy: 0 - (0) -- Non-Greedy: 0 - (0.0)
[+] Greedy: 0 - (0) -- Non-Greedy: 0 - (0.0)
[+] Greedy: 0 - (0) -- Non-Greedy: 0 - (0.0)
[+] Greedy: 0 - (0) -- Non-Greedy: 0 - (0.0)
[+] Greedy: 0 - (0) -- Non-Greedy: 0 - (0.0)
[+] Greedy: 0 - (0) -- Non-Greedy: 0 - (0.0)
[+] Greedy: 0 - (0) -- Non-Greedy: 0 - (0.0)
[+] Greedy: 0 - (0) -- Non-Greedy: 0 - (0.0)
[+] Greedy: 0 - (0) -- Non-Greedy: 0 - (0.0)
[+] Greedy: 0 - (0) -- Non-Greedy: 0 - (0.0)
[+] Greedy: 0 - (0) -- Non-Greedy: 0 - (0.0)
[+] Greedy: 0 - (0) -- Non-Greedy: 0 - (0.0)
[+] Greedy: 0 - (0) -- Non-Greedy: 0 - (0.0)
[+] Greedy: 0 - (0) -- Non-Greedy: 0 - (0.0)
[+] Greedy: 0 - (0) -- Non-Greedy: 0 - (0.0)
[+] Greedy: 0 - (0) -- Non-Greedy: 0 - (0.0)
[+] Greedy: 0 - (0) -- Non-Greedy: 0 - (0.0)
[+] Greedy: 0 - (0) -- Non-Greedy: 0 - (0.0)
[+] Greedy: 0 - (0) -- Non-Greedy: 0 - (0.0)
[+] Greedy: 0 - (0) -- Non-Greedy: 0 - (0.0)
[+] Greedy: 0 - (0) -- Non-Greedy: 0 - (0.0)
[+] Greedy: 0 - (0) -- Non-Greedy: 0 - (0.0)
[+] Greedy: 0 - (0) -- Non-Greedy: 0 - (0.0)
[+] Greedy: 0 - (0) -- Non-Greedy: 0 - (0.0)
[+] Greedy: 0 - (0) -- Non-Greedy: 0 - (0.0)
[+] Greedy: 0 - (0) -- Non-Greedy: 0 - (0.0)
[+] Greedy: 0 - (0) -- Non-Greedy: 0 - (0.0)
[+] Greedy: 0 - (0) -- Non-Greedy: 0 - (0.0)
[+] Greedy: 0 - (0) -- Non-Greedy: 0 - (0.0)
[+] Greedy: 0 - (0) -- Non-Greedy: 0 - (0.0)
[+] Greedy: 0 - (0) -- Non-Greedy: 0 - (0.0)
[+] Greedy: 0 - (0) -- Non-Greedy: 0 - (0.0)
[+] Greedy: 0 - (0) -- Non-Greedy: 0 - (0.0)
[+] Greedy: 0 - (0) -- Non-Greedy: 0 - (0.0)
[+] Greedy: 0 - (0) -- Non-Greedy: 0 - (0.0)
[+] Greedy: 0 - (0) -- Non-Greedy: 0 - (0.0)
[+] Greedy: 0 - (0) -- Non-Greedy: 0 - (0.0)
[+] Greedy: 0 - (0) -- Non-Greedy: 0 - (0.0)
[+] Greedy: 0 - (0) -- Non-Greedy: 0 - (0.0)
[+] Greedy: 0 - (0) -- Non-Greedy: 0 - (0.0)
[+] Greedy: 0 - (0) -- Non-Greedy: 0 - (0.0)
[+] Greedy: 0 - (0) -- Non-Greedy: 0 - (0.0)
[+] Greedy: 0 - (0) -- Non-Greedy: 0 - (0.0)
[+] Greedy: 0 - (0) -- Non-Greedy: 0 - (0.0)
[+] Greedy: 0 - (0) -- Non-Greedy: 0 - (0.0)
[+] Greedy: 0 - (0) -- Non-Greedy: 0 - (0.0)
[+] Greedy: 0 - (0) -- Non-Greedy: 0 - (0.0)
[+] Greedy: 0 - (0) -- Non-Greedy: 0 - (0.0)
[+] Greedy: 0 - (0) -- Non-Greedy: 0 - (0.0)
[+] Greedy: 0 - (0) -- Non-Greedy: 0 - (0.0)
[+] Greedy: 0 - (0) -- Non-Greedy: 0 - (0.0)
[+] Greedy: 0 - (0) -- Non-Greedy: 0 - (0.0)
[+] Greedy: 0 - (0) -- Non-Greedy: 0 - (0.0)
[+] Greedy: 0 - (0) -- Non-Greedy: 0 - (0.0)
[+] Greedy: 0 - (0) -- Non-Greedy: 0 - (0.0)
[+] Greedy: 0 - (0) -- Non-Greedy: 0 - (0.0)
[+] Greedy: 0 - (0) -- Non-Greedy: 0 - (0.0)
[+] Greedy: 0 - (0) -- Non-Greedy: 0 - (0.0)
[+] Greedy: 0 - (0) -- Non-Greedy: 0 - (0.0)
[+] Greedy: 0 - (0) -- Non-Greedy: 0 - (0.0)
[+] Greedy: 0 - (0) -- Non-Greedy: 0 - (0.0)
[+] Greedy: 0 - (0) -- Non-Greedy: 0 - (0.0)
[+] Greedy: 0 - (0) -- Non-Greedy: 0 - (0.0)
[+] Greedy: 0 - (0) -- Non-Greedy: 0 - (0.0)
[+] Greedy: 0 - (0) -- Non-Greedy: 0 - (0.0)
[+] Greedy: 0 - (0) -- Non-Greedy: 0 - (0.0)
[+] Greedy: 0 - (0) -- Non-Greedy: 0 - (0.0)
[+] Greedy: 0 - (0) -- Non-Greedy: 0 - (0.0)
[+] Greedy: 0 - (0) -- Non-Greedy: 0 - (0.0)
[+] Greedy: 0 - (0) -- Non-Greedy: 0 - (0.0)
[+] Greedy: 0 - (0) -- Non-Greedy: 0 - (0.0)
[+] Greedy: 0 - (0) -- Non-Greedy: 0 - (0.0)
[+] Greedy: 0 - (0) -- Non-Greedy: 0 - (0.0)
[+] Greedy: 0 - (0) -- Non-Greedy: 0 - (0.0)
[+] Greedy: 0 - (0) -- Non-Greedy: 0 - (0.0)
[+] Greedy: 0 - (0) -- Non-Greedy: 0 - (0.0)
[+] Greedy: 0 - (0) -- Non-Greedy: 0 - (0.0)
[+] Greedy: 0 - (0) -- Non-Greedy: 0 - (0.0)
[+] Greedy: 0 - (0) -- Non-Greedy: 0 - (0.0)
[+] Greedy: 0 - (0) -- Non-Greedy: 0 - (0.0)
[+] Greedy: 0 - (0) -- Non-Greedy: 0 - (0.0)
[+] Greedy: 0 - (0) -- Non-Greedy: 0 - (0.0)
[+] Greedy: 0 - (0) -- Non-Greedy: 0 - (0.0)
[+] Greedy: 0 - (0) -- Non-Greedy: 0 - (0.0)
[+] Greedy: 0 - (0) -- Non-Greedy: 0 - (0.0)
[+] Greedy: 0 - (0) -- Non-Greedy: 0 - (0.0)
[+] Greedy: 0 - (0) -- Non-Greedy: 0 - (0.0)
[+] Greedy: 0 - (0) -- Non-Greedy: 0 - (0.0)
[+] Greedy: 0 - (0) -- Non-Greedy: 0 - (0.0)
[+] Greedy: 0 - (0) -- Non-Greedy: 0 - (0.0)
[+] Greedy: 0 - (0) -- Non-Greedy: 0 - (0.0)
